<?xml version="1.0" encoding="UTF-8"?>
<testsuite xmlns:xsi="http://www.w3.org/2001/XMLSchema-instance" xsi:noNamespaceSchemaLocation="https://maven.apache.org/surefire/maven-surefire-plugin/xsd/surefire-test-report-3.0.xsd" version="3.0" name="ua.com.chatter.demo.DemoApplicationTests" time="3.808" tests="1" errors="0" skipped="0" failures="0">
  <properties>
[...]
</properties>
  <testcase name="contextLoads" classname="ua.com.chatter.demo.DemoApplicationTests" time="0.39">
    <system-out><![CDATA[18:14:31.600 [main] INFO org.springframework.test.context.support.AnnotationConfigContextLoaderUtils -- Could not detect default configuration classes for test class [ua.com.chatter.demo.DemoApplicationTests]: DemoApplicationTests does not declare any static, non-private, non-final, nested classes annotated with @Configuration.
18:14:31.663 [main] INFO org.springframework.boot.test.context.SpringBootTestContextBootstrapper -- Found @SpringBootConfiguration ua.com.chatter.demo.DemoApplication for test class ua.com.chatter.demo.DemoApplicationTests

  .   ____          _            __ _ _
 /\\ / ___'_ __ _ _(_)_ __  __ _ \ \ \ \
( ( )\___ | '_ | '_| | '_ \/ _` | \ \ \ \
 \\/  ___)| |_)| | | | | || (_| |  ) ) ) )
  '  |____| .__|_| |_|_| |_\__, | / / / /
 =========|_|==============|___/=/_/_/_/

 :: Spring Boot ::                (v3.3.2)

2024-08-03T18:14:31.902+03:00  INFO 20646 --- [           main] u.com.chatter.demo.DemoApplicationTests  : Starting DemoApplicationTests using Java 22.0.2 with PID 20646 (started by ml in /Users/ml/Work/chatter-be)
2024-08-03T18:14:31.902+03:00  INFO 20646 --- [           main] u.com.chatter.demo.DemoApplicationTests  : The following 1 profile is active: "local"
2024-08-03T18:14:31.903+03:00 DEBUG 20646 --- [           main] o.s.boot.SpringApplication               : Loading source class ua.com.chatter.demo.DemoApplication
2024-08-03T18:14:31.927+03:00 DEBUG 20646 --- [           main] o.s.w.c.s.GenericWebApplicationContext   : Refreshing org.springframework.web.context.support.GenericWebApplicationContext@7cc9ce8
2024-08-03T18:14:31.936+03:00 DEBUG 20646 --- [           main] o.s.b.f.s.DefaultListableBeanFactory     : Creating shared instance of singleton bean 'org.springframework.context.annotation.internalConfigurationAnnotationProcessor'
2024-08-03T18:14:31.943+03:00 DEBUG 20646 --- [           main] o.s.b.f.s.DefaultListableBeanFactory     : Creating shared instance of singleton bean 'org.springframework.boot.autoconfigure.internalCachingMetadataReaderFactory'
2024-08-03T18:14:31.967+03:00 DEBUG 20646 --- [           main] o.s.c.a.ClassPathBeanDefinitionScanner   : Identified candidate component class: file [/Users/ml/Work/chatter-be/target/classes/ua/com/chatter/demo/auth/SecurityConfig.class]
2024-08-03T18:14:31.967+03:00 DEBUG 20646 --- [           main] o.s.c.a.ClassPathBeanDefinitionScanner   : Identified candidate component class: file [/Users/ml/Work/chatter-be/target/classes/ua/com/chatter/demo/auth/jwt/JwtRequestFilter.class]
2024-08-03T18:14:31.968+03:00 DEBUG 20646 --- [           main] o.s.c.a.ClassPathBeanDefinitionScanner   : Identified candidate component class: file [/Users/ml/Work/chatter-be/target/classes/ua/com/chatter/demo/auth/jwt/JwtTokenUtil.class]
2024-08-03T18:14:31.977+03:00 DEBUG 20646 --- [           main] o.s.c.a.ClassPathBeanDefinitionScanner   : Identified candidate component class: file [/Users/ml/Work/chatter-be/target/classes/ua/com/chatter/demo/controller/AuthController.class]
2024-08-03T18:14:31.980+03:00 DEBUG 20646 --- [           main] o.s.c.a.ClassPathBeanDefinitionScanner   : Identified candidate component class: file [/Users/ml/Work/chatter-be/target/classes/ua/com/chatter/demo/controller/ChatController.class]
2024-08-03T18:14:31.980+03:00 DEBUG 20646 --- [           main] o.s.c.a.ClassPathBeanDefinitionScanner   : Identified candidate component class: file [/Users/ml/Work/chatter-be/target/classes/ua/com/chatter/demo/controller/FileController.class]
2024-08-03T18:14:31.981+03:00 DEBUG 20646 --- [           main] o.s.c.a.ClassPathBeanDefinitionScanner   : Identified candidate component class: file [/Users/ml/Work/chatter-be/target/classes/ua/com/chatter/demo/controller/MessagesController.class]
2024-08-03T18:14:31.981+03:00 DEBUG 20646 --- [           main] o.s.c.a.ClassPathBeanDefinitionScanner   : Identified candidate component class: file [/Users/ml/Work/chatter-be/target/classes/ua/com/chatter/demo/controller/NotificationController.class]
2024-08-03T18:14:31.981+03:00 DEBUG 20646 --- [           main] o.s.c.a.ClassPathBeanDefinitionScanner   : Identified candidate component class: file [/Users/ml/Work/chatter-be/target/classes/ua/com/chatter/demo/controller/UserController.class]
2024-08-03T18:14:31.982+03:00 DEBUG 20646 --- [           main] o.s.c.a.ClassPathBeanDefinitionScanner   : Identified candidate component class: file [/Users/ml/Work/chatter-be/target/classes/ua/com/chatter/demo/controller/WsChatController.class]
2024-08-03T18:14:31.982+03:00 DEBUG 20646 --- [           main] o.s.c.a.ClassPathBeanDefinitionScanner   : Identified candidate component class: file [/Users/ml/Work/chatter-be/target/classes/ua/com/chatter/demo/firebase/FirebaseConfig.class]
2024-08-03T18:14:31.983+03:00 DEBUG 20646 --- [           main] o.s.c.a.ClassPathBeanDefinitionScanner   : Identified candidate component class: file [/Users/ml/Work/chatter-be/target/classes/ua/com/chatter/demo/firebase/NotificationService.class]
2024-08-03T18:14:31.989+03:00 DEBUG 20646 --- [           main] o.s.c.a.ClassPathBeanDefinitionScanner   : Identified candidate component class: file [/Users/ml/Work/chatter-be/target/classes/ua/com/chatter/demo/service/AuthService.class]
2024-08-03T18:14:31.989+03:00 DEBUG 20646 --- [           main] o.s.c.a.ClassPathBeanDefinitionScanner   : Identified candidate component class: file [/Users/ml/Work/chatter-be/target/classes/ua/com/chatter/demo/service/ChatService.class]
2024-08-03T18:14:31.989+03:00 DEBUG 20646 --- [           main] o.s.c.a.ClassPathBeanDefinitionScanner   : Identified candidate component class: file [/Users/ml/Work/chatter-be/target/classes/ua/com/chatter/demo/service/FileService.class]
2024-08-03T18:14:31.989+03:00 DEBUG 20646 --- [           main] o.s.c.a.ClassPathBeanDefinitionScanner   : Identified candidate component class: file [/Users/ml/Work/chatter-be/target/classes/ua/com/chatter/demo/service/MessagessService.class]
2024-08-03T18:14:31.990+03:00 DEBUG 20646 --- [           main] o.s.c.a.ClassPathBeanDefinitionScanner   : Identified candidate component class: file [/Users/ml/Work/chatter-be/target/classes/ua/com/chatter/demo/service/UserService.class]
2024-08-03T18:14:31.990+03:00 DEBUG 20646 --- [           main] o.s.c.a.ClassPathBeanDefinitionScanner   : Identified candidate component class: file [/Users/ml/Work/chatter-be/target/classes/ua/com/chatter/demo/websocket/ChatterWebSocketHandler.class]
2024-08-03T18:14:31.991+03:00 DEBUG 20646 --- [           main] o.s.c.a.ClassPathBeanDefinitionScanner   : Identified candidate component class: file [/Users/ml/Work/chatter-be/target/classes/ua/com/chatter/demo/websocket/WebSocketConfig.class]
2024-08-03T18:14:31.992+03:00 DEBUG 20646 --- [           main] o.s.c.a.ClassPathBeanDefinitionScanner   : Identified candidate component class: file [/Users/ml/Work/chatter-be/target/classes/ua/com/chatter/demo/websocket/WebSocketMessageConfig.class]
2024-08-03T18:14:32.199+03:00  INFO 20646 --- [           main] .s.d.r.c.RepositoryConfigurationDelegate : Bootstrapping Spring Data JPA repositories in DEFAULT mode.
2024-08-03T18:14:32.205+03:00 DEBUG 20646 --- [           main] .s.d.r.c.RepositoryConfigurationDelegate : Scanning for JPA repositories in packages ua.com.chatter.demo.repository.
2024-08-03T18:14:32.210+03:00 DEBUG 20646 --- [           main] o.s.d.r.c.RepositoryComponentProvider    : Identified candidate component class: file [/Users/ml/Work/chatter-be/target/classes/ua/com/chatter/demo/repository/ChatRepository.class]
2024-08-03T18:14:32.210+03:00 DEBUG 20646 --- [           main] o.s.d.r.c.RepositoryComponentProvider    : Identified candidate component class: file [/Users/ml/Work/chatter-be/target/classes/ua/com/chatter/demo/repository/FileRepository.class]
2024-08-03T18:14:32.211+03:00 DEBUG 20646 --- [           main] o.s.d.r.c.RepositoryComponentProvider    : Identified candidate component class: file [/Users/ml/Work/chatter-be/target/classes/ua/com/chatter/demo/repository/MessagesRepository.class]
2024-08-03T18:14:32.211+03:00 DEBUG 20646 --- [           main] o.s.d.r.c.RepositoryComponentProvider    : Identified candidate component class: file [/Users/ml/Work/chatter-be/target/classes/ua/com/chatter/demo/repository/UserRepository.class]
2024-08-03T18:14:32.229+03:00  INFO 20646 --- [           main] .s.d.r.c.RepositoryConfigurationDelegate : Finished Spring Data repository scanning in 23 ms. Found 4 JPA repository interfaces.
2024-08-03T18:14:32.404+03:00 DEBUG 20646 --- [           main] o.s.b.f.s.DefaultListableBeanFactory     : Creating shared instance of singleton bean 'springSecurityHandlerMappingIntrospectorBeanDefinitionRegistryPostProcessor'
2024-08-03T18:14:32.460+03:00 DEBUG 20646 --- [           main] o.s.b.f.s.DefaultListableBeanFactory     : Creating shared instance of singleton bean 'propertySourcesPlaceholderConfigurer'
2024-08-03T18:14:32.466+03:00 DEBUG 20646 --- [           main] o.s.b.f.s.DefaultListableBeanFactory     : Creating shared instance of singleton bean 'org.springframework.boot.test.mock.mockito.MockitoPostProcessor'
2024-08-03T18:14:32.470+03:00 DEBUG 20646 --- [           main] o.s.b.f.s.DefaultListableBeanFactory     : Creating shared instance of singleton bean 'webSocketScopeConfigurer'
2024-08-03T18:14:32.470+03:00 DEBUG 20646 --- [           main] o.s.b.f.s.DefaultListableBeanFactory     : Creating shared instance of singleton bean 'emBeanDefinitionRegistrarPostProcessor'
2024-08-03T18:14:32.471+03:00 DEBUG 20646 --- [           main] o.s.b.f.s.DefaultListableBeanFactory     : Creating shared instance of singleton bean 'org.springframework.boot.sql.init.dependency.DatabaseInitializationDependencyConfigurer$DependsOnDatabaseInitializationPostProcessor'
2024-08-03T18:14:32.496+03:00 DEBUG 20646 --- [           main] o.s.b.f.s.DefaultListableBeanFactory     : Creating shared instance of singleton bean 'org.springframework.context.event.internalEventListenerProcessor'
2024-08-03T18:14:32.496+03:00 DEBUG 20646 --- [           main] o.s.b.f.s.DefaultListableBeanFactory     : Creating shared instance of singleton bean 'conversionServicePostProcessor'
2024-08-03T18:14:32.501+03:00 DEBUG 20646 --- [           main] o.s.b.f.s.DefaultListableBeanFactory     : Creating shared instance of singleton bean 'preserveErrorControllerTargetClassPostProcessor'
2024-08-03T18:14:32.501+03:00 DEBUG 20646 --- [           main] o.s.b.f.s.DefaultListableBeanFactory     : Creating shared instance of singleton bean 'org.springframework.context.event.internalEventListenerFactory'
2024-08-03T18:14:32.502+03:00 DEBUG 20646 --- [           main] o.s.b.f.s.DefaultListableBeanFactory     : Creating shared instance of singleton bean 'org.springframework.transaction.config.internalTransactionalEventListenerFactory'
2024-08-03T18:14:32.504+03:00 DEBUG 20646 --- [           main] o.s.b.f.s.DefaultListableBeanFactory     : Creating shared instance of singleton bean 'org.springframework.boot.test.mock.mockito.MockitoPostProcessor$SpyPostProcessor'
2024-08-03T18:14:32.505+03:00 DEBUG 20646 --- [           main] o.s.b.f.s.DefaultListableBeanFactory     : Creating shared instance of singleton bean 'org.springframework.context.annotation.internalAutowiredAnnotationProcessor'
2024-08-03T18:14:32.506+03:00 DEBUG 20646 --- [           main] o.s.b.f.s.DefaultListableBeanFactory     : Creating shared instance of singleton bean 'org.springframework.context.annotation.internalCommonAnnotationProcessor'
2024-08-03T18:14:32.507+03:00 DEBUG 20646 --- [           main] o.s.b.f.s.DefaultListableBeanFactory     : Creating shared instance of singleton bean 'org.springframework.context.annotation.internalPersistenceAnnotationProcessor'
2024-08-03T18:14:32.507+03:00 DEBUG 20646 --- [           main] o.s.b.f.s.DefaultListableBeanFactory     : Creating shared instance of singleton bean 'org.springframework.boot.context.properties.ConfigurationPropertiesBindingPostProcessor'
2024-08-03T18:14:32.508+03:00 DEBUG 20646 --- [           main] o.s.b.f.s.DefaultListableBeanFactory     : Creating shared instance of singleton bean 'org.springframework.boot.context.internalConfigurationPropertiesBinder'
2024-08-03T18:14:32.509+03:00 DEBUG 20646 --- [           main] o.s.b.f.s.DefaultListableBeanFactory     : Creating shared instance of singleton bean 'jdbcConnectionDetailsHikariBeanPostProcessor'
2024-08-03T18:14:32.510+03:00 DEBUG 20646 --- [           main] o.s.b.f.s.DefaultListableBeanFactory     : Creating shared instance of singleton bean 'org.springframework.aop.config.internalAutoProxyCreator'
2024-08-03T18:14:32.523+03:00 DEBUG 20646 --- [           main] o.s.b.f.s.DefaultListableBeanFactory     : Creating shared instance of singleton bean 'persistenceExceptionTranslationPostProcessor'
2024-08-03T18:14:32.530+03:00 DEBUG 20646 --- [           main] o.s.b.f.s.DefaultListableBeanFactory     : Autowiring by type from bean name 'persistenceExceptionTranslationPostProcessor' via factory method to bean named 'environment'
2024-08-03T18:14:32.532+03:00 DEBUG 20646 --- [           main] o.s.b.f.s.DefaultListableBeanFactory     : Creating shared instance of singleton bean 'webServerFactoryCustomizerBeanPostProcessor'
2024-08-03T18:14:32.533+03:00 DEBUG 20646 --- [           main] o.s.b.f.s.DefaultListableBeanFactory     : Creating shared instance of singleton bean 'errorPageRegistrarBeanPostProcessor'
2024-08-03T18:14:32.533+03:00 DEBUG 20646 --- [           main] o.s.b.f.s.DefaultListableBeanFactory     : Creating shared instance of singleton bean 'projectingArgumentResolverBeanPostProcessor'
2024-08-03T18:14:32.534+03:00 DEBUG 20646 --- [           main] o.s.b.f.s.DefaultListableBeanFactory     : Creating shared instance of singleton bean 'org.springframework.transaction.config.internalTransactionAdvisor'
2024-08-03T18:14:32.534+03:00 DEBUG 20646 --- [           main] o.s.b.f.s.DefaultListableBeanFactory     : Creating shared instance of singleton bean 'org.springframework.transaction.annotation.ProxyTransactionManagementConfiguration'
2024-08-03T18:14:32.539+03:00 DEBUG 20646 --- [           main] o.s.b.f.s.DefaultListableBeanFactory     : Creating shared instance of singleton bean 'transactionAttributeSource'
2024-08-03T18:14:32.539+03:00 DEBUG 20646 --- [           main] o.s.b.f.s.DefaultListableBeanFactory     : Creating shared instance of singleton bean 'transactionInterceptor'
2024-08-03T18:14:32.540+03:00 DEBUG 20646 --- [           main] o.s.b.f.s.DefaultListableBeanFactory     : Autowiring by type from bean name 'transactionInterceptor' via factory method to bean named 'transactionAttributeSource'
2024-08-03T18:14:32.542+03:00 DEBUG 20646 --- [           main] o.s.b.f.s.DefaultListableBeanFactory     : Autowiring by type from bean name 'org.springframework.transaction.config.internalTransactionAdvisor' via factory method to bean named 'transactionAttributeSource'
2024-08-03T18:14:32.542+03:00 DEBUG 20646 --- [           main] o.s.b.f.s.DefaultListableBeanFactory     : Autowiring by type from bean name 'org.springframework.transaction.config.internalTransactionAdvisor' via factory method to bean named 'transactionInterceptor'
2024-08-03T18:14:32.553+03:00 DEBUG 20646 --- [           main] o.s.u.c.s.UiApplicationContextUtils      : Unable to locate ThemeSource with name 'themeSource': using default [org.springframework.ui.context.support.ResourceBundleThemeSource@4eaf7902]
2024-08-03T18:14:32.554+03:00 DEBUG 20646 --- [           main] o.s.b.f.s.DefaultListableBeanFactory     : Creating shared instance of singleton bean 'flyway'
2024-08-03T18:14:32.554+03:00 DEBUG 20646 --- [           main] o.s.b.f.s.DefaultListableBeanFactory     : Creating shared instance of singleton bean 'org.springframework.boot.autoconfigure.flyway.FlywayAutoConfiguration$FlywayConfiguration'
2024-08-03T18:14:32.554+03:00 DEBUG 20646 --- [           main] o.s.b.f.s.DefaultListableBeanFactory     : Creating shared instance of singleton bean 'spring.flyway-org.springframework.boot.autoconfigure.flyway.FlywayProperties'
2024-08-03T18:14:32.556+03:00 DEBUG 20646 --- [           main] o.s.b.f.s.DefaultListableBeanFactory     : Creating shared instance of singleton bean 'org.springframework.boot.context.properties.BoundConfigurationProperties'
2024-08-03T18:14:32.558+03:00 DEBUG 20646 --- [           main] o.s.b.f.s.DefaultListableBeanFactory     : Creating shared instance of singleton bean 'stringOrNumberMigrationVersionConverter'
2024-08-03T18:14:32.559+03:00 DEBUG 20646 --- [           main] o.s.b.f.s.DefaultListableBeanFactory     : Creating shared instance of singleton bean 'org.springframework.boot.autoconfigure.flyway.FlywayAutoConfiguration'
2024-08-03T18:14:32.573+03:00 DEBUG 20646 --- [           main] o.s.b.f.s.DefaultListableBeanFactory     : Autowiring by type from bean name 'org.springframework.boot.autoconfigure.flyway.FlywayAutoConfiguration$FlywayConfiguration' via constructor to bean named 'spring.flyway-org.springframework.boot.autoconfigure.flyway.FlywayProperties'
2024-08-03T18:14:32.575+03:00 DEBUG 20646 --- [           main] o.s.b.f.s.DefaultListableBeanFactory     : Creating shared instance of singleton bean 'flywayConnectionDetails'
2024-08-03T18:14:32.577+03:00 DEBUG 20646 --- [           main] o.s.b.f.s.DefaultListableBeanFactory     : Creating shared instance of singleton bean 'resourceProviderCustomizer'
2024-08-03T18:14:32.577+03:00 DEBUG 20646 --- [           main] o.s.b.f.s.DefaultListableBeanFactory     : Autowiring by type from bean name 'flyway' via factory method to bean named 'flywayConnectionDetails'
2024-08-03T18:14:32.577+03:00 DEBUG 20646 --- [           main] o.s.b.f.s.DefaultListableBeanFactory     : Autowiring by type from bean name 'flyway' via factory method to bean named 'org.springframework.web.context.support.GenericWebApplicationContext@7cc9ce8'
2024-08-03T18:14:32.577+03:00 DEBUG 20646 --- [           main] o.s.b.f.s.DefaultListableBeanFactory     : Autowiring by type from bean name 'flyway' via factory method to bean named 'resourceProviderCustomizer'
2024-08-03T18:14:32.593+03:00 DEBUG 20646 --- [           main] o.s.b.f.s.DefaultListableBeanFactory     : Creating shared instance of singleton bean 'dataSource'
2024-08-03T18:14:32.594+03:00 DEBUG 20646 --- [           main] o.s.b.f.s.DefaultListableBeanFactory     : Creating shared instance of singleton bean 'org.springframework.boot.autoconfigure.jdbc.DataSourceConfiguration$Hikari'
2024-08-03T18:14:32.594+03:00 DEBUG 20646 --- [           main] o.s.b.f.s.DefaultListableBeanFactory     : Creating shared instance of singleton bean 'spring.datasource-org.springframework.boot.autoconfigure.jdbc.DataSourceProperties'
2024-08-03T18:14:32.598+03:00 DEBUG 20646 --- [           main] o.s.b.f.s.DefaultListableBeanFactory     : Creating shared instance of singleton bean 'jdbcConnectionDetails'
2024-08-03T18:14:32.598+03:00 DEBUG 20646 --- [           main] o.s.b.f.s.DefaultListableBeanFactory     : Creating shared instance of singleton bean 'org.springframework.boot.autoconfigure.jdbc.DataSourceAutoConfiguration$PooledDataSourceConfiguration'
2024-08-03T18:14:32.599+03:00 DEBUG 20646 --- [           main] o.s.b.f.s.DefaultListableBeanFactory     : Autowiring by type from bean name 'jdbcConnectionDetails' via factory method to bean named 'spring.datasource-org.springframework.boot.autoconfigure.jdbc.DataSourceProperties'
2024-08-03T18:14:32.599+03:00 DEBUG 20646 --- [           main] o.s.b.f.s.DefaultListableBeanFactory     : Autowiring by type from bean name 'dataSource' via factory method to bean named 'spring.datasource-org.springframework.boot.autoconfigure.jdbc.DataSourceProperties'
2024-08-03T18:14:32.599+03:00 DEBUG 20646 --- [           main] o.s.b.f.s.DefaultListableBeanFactory     : Autowiring by type from bean name 'dataSource' via factory method to bean named 'jdbcConnectionDetails'
2024-08-03T18:14:32.624+03:00 DEBUG 20646 --- [           main] o.s.b.f.s.DefaultListableBeanFactory     : Creating shared instance of singleton bean 'postgresqlFlywayConfigurationCustomizer'
2024-08-03T18:14:32.681+03:00 DEBUG 20646 --- [           main] o.s.b.f.s.DefaultListableBeanFactory     : Creating shared instance of singleton bean 'flywayInitializer'
2024-08-03T18:14:32.682+03:00 DEBUG 20646 --- [           main] o.s.b.f.s.DefaultListableBeanFactory     : Autowiring by type from bean name 'flywayInitializer' via factory method to bean named 'flyway'
2024-08-03T18:14:32.690+03:00 DEBUG 20646 --- [           main] o.s.j.datasource.SimpleDriverDataSource  : Creating new JDBC Driver Connection to [jdbc:postgresql://localhost:5432/chatter_db]
2024-08-03T18:14:32.794+03:00  INFO 20646 --- [           main] org.flywaydb.core.FlywayExecutor         : Database: jdbc:postgresql://localhost:5432/chatter_db (PostgreSQL 14.12)
2024-08-03T18:14:32.843+03:00  INFO 20646 --- [           main] o.f.core.internal.command.DbValidate     : Successfully validated 0 migrations (execution time 00:00.016s)
2024-08-03T18:14:32.843+03:00  WARN 20646 --- [           main] o.f.core.internal.command.DbValidate     : No migrations found. Are your locations set up correctly?
2024-08-03T18:14:32.851+03:00 DEBUG 20646 --- [           main] o.s.j.datasource.SimpleDriverDataSource  : Creating new JDBC Driver Connection to [jdbc:postgresql://localhost:5432/chatter_db]
2024-08-03T18:14:32.877+03:00  INFO 20646 --- [           main] o.f.core.internal.command.DbMigrate      : Current version of schema "public": << Empty Schema >>
2024-08-03T18:14:32.879+03:00  INFO 20646 --- [           main] o.f.core.internal.command.DbMigrate      : Schema "public" is up to date. No migration necessary.
2024-08-03T18:14:32.886+03:00 DEBUG 20646 --- [           main] o.s.b.f.s.DefaultListableBeanFactory     : Creating shared instance of singleton bean 'dataSourceScriptDatabaseInitializer'
2024-08-03T18:14:32.886+03:00 DEBUG 20646 --- [           main] o.s.b.f.s.DefaultListableBeanFactory     : Creating shared instance of singleton bean 'org.springframework.boot.autoconfigure.sql.init.DataSourceInitializationConfiguration'
2024-08-03T18:14:32.887+03:00 DEBUG 20646 --- [           main] o.s.b.f.s.DefaultListableBeanFactory     : Creating shared instance of singleton bean 'spring.sql.init-org.springframework.boot.autoconfigure.sql.init.SqlInitializationProperties'
2024-08-03T18:14:32.890+03:00 DEBUG 20646 --- [           main] o.s.b.f.s.DefaultListableBeanFactory     : Autowiring by type from bean name 'dataSourceScriptDatabaseInitializer' via factory method to bean named 'dataSource'
2024-08-03T18:14:32.890+03:00 DEBUG 20646 --- [           main] o.s.b.f.s.DefaultListableBeanFactory     : Autowiring by type from bean name 'dataSourceScriptDatabaseInitializer' via factory method to bean named 'spring.sql.init-org.springframework.boot.autoconfigure.sql.init.SqlInitializationProperties'
2024-08-03T18:14:32.894+03:00 DEBUG 20646 --- [           main] o.s.b.f.s.DefaultListableBeanFactory     : Creating shared instance of singleton bean 'entityManagerFactory'
2024-08-03T18:14:32.895+03:00 DEBUG 20646 --- [           main] o.s.b.f.s.DefaultListableBeanFactory     : Creating shared instance of singleton bean 'org.springframework.boot.autoconfigure.orm.jpa.HibernateJpaConfiguration'
2024-08-03T18:14:32.896+03:00 DEBUG 20646 --- [           main] o.s.b.f.s.DefaultListableBeanFactory     : Creating shared instance of singleton bean 'spring.jpa-org.springframework.boot.autoconfigure.orm.jpa.JpaProperties'
2024-08-03T18:14:32.898+03:00 DEBUG 20646 --- [           main] o.s.b.f.s.DefaultListableBeanFactory     : Creating shared instance of singleton bean 'spring.jpa.hibernate-org.springframework.boot.autoconfigure.orm.jpa.HibernateProperties'
2024-08-03T18:14:32.899+03:00 DEBUG 20646 --- [           main] o.s.b.f.s.DefaultListableBeanFactory     : Autowiring by type from bean name 'org.springframework.boot.autoconfigure.orm.jpa.HibernateJpaConfiguration' via constructor to bean named 'dataSource'
2024-08-03T18:14:32.899+03:00 DEBUG 20646 --- [           main] o.s.b.f.s.DefaultListableBeanFactory     : Autowiring by type from bean name 'org.springframework.boot.autoconfigure.orm.jpa.HibernateJpaConfiguration' via constructor to bean named 'spring.jpa-org.springframework.boot.autoconfigure.orm.jpa.JpaProperties'
2024-08-03T18:14:32.899+03:00 DEBUG 20646 --- [           main] o.s.b.f.s.DefaultListableBeanFactory     : Autowiring by type from bean name 'org.springframework.boot.autoconfigure.orm.jpa.HibernateJpaConfiguration' via constructor to bean named 'org.springframework.beans.factory.support.DefaultListableBeanFactory@796d3c9f'
2024-08-03T18:14:32.900+03:00 DEBUG 20646 --- [           main] o.s.b.f.s.DefaultListableBeanFactory     : Autowiring by type from bean name 'org.springframework.boot.autoconfigure.orm.jpa.HibernateJpaConfiguration' via constructor to bean named 'spring.jpa.hibernate-org.springframework.boot.autoconfigure.orm.jpa.HibernateProperties'
2024-08-03T18:14:32.901+03:00 DEBUG 20646 --- [           main] o.s.b.f.s.DefaultListableBeanFactory     : Creating shared instance of singleton bean 'hikariPoolDataSourceMetadataProvider'
2024-08-03T18:14:32.901+03:00 DEBUG 20646 --- [           main] o.s.b.f.s.DefaultListableBeanFactory     : Creating shared instance of singleton bean 'org.springframework.boot.autoconfigure.jdbc.metadata.DataSourcePoolMetadataProvidersConfiguration$HikariPoolDataSourceMetadataProviderConfiguration'
2024-08-03T18:14:32.904+03:00 DEBUG 20646 --- [           main] o.s.b.f.s.DefaultListableBeanFactory     : Creating shared instance of singleton bean 'entityManagerFactoryBuilder'
2024-08-03T18:14:32.905+03:00 DEBUG 20646 --- [           main] o.s.b.f.s.DefaultListableBeanFactory     : Creating shared instance of singleton bean 'jpaVendorAdapter'
2024-08-03T18:14:32.916+03:00 DEBUG 20646 --- [           main] o.s.b.f.s.DefaultListableBeanFactory     : Autowiring by type from bean name 'entityManagerFactoryBuilder' via factory method to bean named 'jpaVendorAdapter'
2024-08-03T18:14:32.919+03:00 DEBUG 20646 --- [           main] o.s.b.f.s.DefaultListableBeanFactory     : Creating shared instance of singleton bean 'persistenceManagedTypes'
2024-08-03T18:14:32.919+03:00 DEBUG 20646 --- [           main] o.s.b.f.s.DefaultListableBeanFactory     : Autowiring by type from bean name 'persistenceManagedTypes' via factory method to bean named 'org.springframework.beans.factory.support.DefaultListableBeanFactory@796d3c9f'
2024-08-03T18:14:32.919+03:00 DEBUG 20646 --- [           main] o.s.b.f.s.DefaultListableBeanFactory     : Autowiring by type from bean name 'persistenceManagedTypes' via factory method to bean named 'org.springframework.web.context.support.GenericWebApplicationContext@7cc9ce8'
2024-08-03T18:14:32.920+03:00 DEBUG 20646 --- [           main] o.s.b.f.s.DefaultListableBeanFactory     : Creating shared instance of singleton bean 'org.springframework.boot.autoconfigure.domain.EntityScanPackages'
2024-08-03T18:14:32.924+03:00 DEBUG 20646 --- [           main] o.s.b.f.s.DefaultListableBeanFactory     : Autowiring by type from bean name 'entityManagerFactory' via factory method to bean named 'entityManagerFactoryBuilder'
2024-08-03T18:14:32.924+03:00 DEBUG 20646 --- [           main] o.s.b.f.s.DefaultListableBeanFactory     : Autowiring by type from bean name 'entityManagerFactory' via factory method to bean named 'persistenceManagedTypes'
2024-08-03T18:14:32.931+03:00 DEBUG 20646 --- [           main] j.LocalContainerEntityManagerFactoryBean : Building JPA container EntityManagerFactory for persistence unit 'default'
2024-08-03T18:14:32.948+03:00  INFO 20646 --- [           main] o.hibernate.jpa.internal.util.LogHelper  : HHH000204: Processing PersistenceUnitInfo [name: default]
2024-08-03T18:14:32.980+03:00  INFO 20646 --- [           main] org.hibernate.Version                    : HHH000412: Hibernate ORM core version 6.5.2.Final
2024-08-03T18:14:33.000+03:00  INFO 20646 --- [           main] o.h.c.internal.RegionFactoryInitiator    : HHH000026: Second-level cache disabled
2024-08-03T18:14:33.153+03:00  INFO 20646 --- [           main] o.s.o.j.p.SpringPersistenceUnitInfo      : No LoadTimeWeaver setup: ignoring JPA class transformer
2024-08-03T18:14:33.167+03:00  INFO 20646 --- [           main] com.zaxxer.hikari.HikariDataSource       : HikariPool-1 - Starting...
2024-08-03T18:14:33.178+03:00  INFO 20646 --- [           main] com.zaxxer.hikari.pool.HikariPool        : HikariPool-1 - Added connection org.postgresql.jdbc.PgConnection@66a472b9
2024-08-03T18:14:33.179+03:00  INFO 20646 --- [           main] com.zaxxer.hikari.HikariDataSource       : HikariPool-1 - Start completed.
2024-08-03T18:14:33.199+03:00  WARN 20646 --- [           main] org.hibernate.orm.deprecation            : HHH90000025: PostgreSQLDialect does not need to be specified explicitly using 'hibernate.dialect' (remove the property setting and it will be selected by default)
2024-08-03T18:14:33.722+03:00  INFO 20646 --- [           main] o.h.e.t.j.p.i.JtaPlatformInitiator       : HHH000489: No JTA platform available (set 'hibernate.transaction.jta.platform' to enable JTA platform integration)
2024-08-03T18:14:33.832+03:00  INFO 20646 --- [           main] j.LocalContainerEntityManagerFactoryBean : Initialized JPA EntityManagerFactory for persistence unit 'default'
2024-08-03T18:14:33.834+03:00 DEBUG 20646 --- [           main] o.s.b.f.s.DefaultListableBeanFactory     : Creating shared instance of singleton bean 'demoApplication'
2024-08-03T18:14:33.835+03:00 DEBUG 20646 --- [           main] o.s.b.f.s.DefaultListableBeanFactory     : Creating shared instance of singleton bean 'securityConfig'
2024-08-03T18:14:33.837+03:00 DEBUG 20646 --- [           main] o.s.b.f.s.DefaultListableBeanFactory     : Creating shared instance of singleton bean 'jwtRequestFilter'
2024-08-03T18:14:33.838+03:00 DEBUG 20646 --- [           main] o.s.b.f.s.DefaultListableBeanFactory     : Creating shared instance of singleton bean 'userService'
2024-08-03T18:14:33.839+03:00 DEBUG 20646 --- [           main] o.s.b.f.s.DefaultListableBeanFactory     : Creating shared instance of singleton bean 'userRepository'
2024-08-03T18:14:33.843+03:00 DEBUG 20646 --- [           main] o.s.b.f.s.DefaultListableBeanFactory     : Creating shared instance of singleton bean 'jpa.named-queries#3'
2024-08-03T18:14:33.844+03:00 DEBUG 20646 --- [           main] o.s.b.f.s.DefaultListableBeanFactory     : Creating shared instance of singleton bean 'jpa.UserRepository.fragments#0'
2024-08-03T18:14:33.847+03:00 DEBUG 20646 --- [           main] o.s.b.f.s.DefaultListableBeanFactory     : Creating shared instance of singleton bean 'jpaSharedEM_entityManagerFactory'
2024-08-03T18:14:33.863+03:00 DEBUG 20646 --- [           main] o.s.b.f.s.DefaultListableBeanFactory     : Creating shared instance of singleton bean 'jpaMappingContext'
2024-08-03T18:14:33.864+03:00 DEBUG 20646 --- [           main] .c.JpaMetamodelMappingContextFactoryBean : Initializing JpaMetamodelMappingContext…
2024-08-03T18:14:33.871+03:00 DEBUG 20646 --- [           main] .c.JpaMetamodelMappingContextFactoryBean : Finished initializing JpaMetamodelMappingContext
2024-08-03T18:14:33.888+03:00 DEBUG 20646 --- [           main] tor$SharedEntityManagerInvocationHandler : Creating new EntityManager for shared EntityManager invocation
2024-08-03T18:14:33.912+03:00 DEBUG 20646 --- [           main] tor$SharedEntityManagerInvocationHandler : Creating new EntityManager for shared EntityManager invocation
2024-08-03T18:14:33.939+03:00 DEBUG 20646 --- [           main] o.s.d.r.c.s.RepositoryFactorySupport     : Initializing repository instance for ua.com.chatter.demo.repository.UserRepository…
2024-08-03T18:14:33.949+03:00 DEBUG 20646 --- [           main] tor$SharedEntityManagerInvocationHandler : Creating new EntityManager for shared EntityManager invocation
2024-08-03T18:14:33.967+03:00 DEBUG 20646 --- [           main] o.s.d.jpa.repository.query.NamedQuery    : Looking up named query UserEntity.existsByPhoneNumber
2024-08-03T18:14:33.968+03:00 DEBUG 20646 --- [           main] o.s.d.jpa.repository.query.NamedQuery    : Did not find named query UserEntity.existsByPhoneNumber
2024-08-03T18:14:33.969+03:00 DEBUG 20646 --- [           main] tor$SharedEntityManagerInvocationHandler : Creating new EntityManager for shared EntityManager invocation
2024-08-03T18:14:33.993+03:00 DEBUG 20646 --- [           main] o.s.d.jpa.repository.query.NamedQuery    : Looking up named query UserEntity.findByPhoneNumber
2024-08-03T18:14:33.993+03:00 DEBUG 20646 --- [           main] o.s.d.jpa.repository.query.NamedQuery    : Did not find named query UserEntity.findByPhoneNumber
2024-08-03T18:14:33.993+03:00 DEBUG 20646 --- [           main] tor$SharedEntityManagerInvocationHandler : Creating new EntityManager for shared EntityManager invocation
2024-08-03T18:14:33.995+03:00 DEBUG 20646 --- [           main] o.s.d.r.c.s.RepositoryFactorySupport     : Finished creation of repository instance for ua.com.chatter.demo.repository.UserRepository.
2024-08-03T18:14:33.998+03:00 DEBUG 20646 --- [           main] o.s.b.f.s.DefaultListableBeanFactory     : Creating shared instance of singleton bean 'jwtTokenUtil'
2024-08-03T18:14:34.004+03:00 DEBUG 20646 --- [           main] o.s.b.f.s.DefaultListableBeanFactory     : Creating shared instance of singleton bean 'authController'
2024-08-03T18:14:34.006+03:00 DEBUG 20646 --- [           main] o.s.b.f.s.DefaultListableBeanFactory     : Creating shared instance of singleton bean 'authenticationManager'
2024-08-03T18:14:34.006+03:00 DEBUG 20646 --- [           main] o.s.b.f.s.DefaultListableBeanFactory     : Creating shared instance of singleton bean 'org.springframework.security.config.annotation.authentication.configuration.AuthenticationConfiguration'
2024-08-03T18:14:34.007+03:00 DEBUG 20646 --- [           main] o.s.b.f.s.DefaultListableBeanFactory     : Creating shared instance of singleton bean 'enableGlobalAuthenticationAutowiredConfigurer'
2024-08-03T18:14:34.007+03:00 DEBUG 20646 --- [           main] o.s.b.f.s.DefaultListableBeanFactory     : Autowiring by type from bean name 'enableGlobalAuthenticationAutowiredConfigurer' via factory method to bean named 'org.springframework.web.context.support.GenericWebApplicationContext@7cc9ce8'
2024-08-03T18:14:34.008+03:00 DEBUG 20646 --- [           main] o.s.b.f.s.DefaultListableBeanFactory     : Creating shared instance of singleton bean 'initializeUserDetailsBeanManagerConfigurer'
2024-08-03T18:14:34.008+03:00 DEBUG 20646 --- [           main] o.s.b.f.s.DefaultListableBeanFactory     : Autowiring by type from bean name 'initializeUserDetailsBeanManagerConfigurer' via factory method to bean named 'org.springframework.web.context.support.GenericWebApplicationContext@7cc9ce8'
2024-08-03T18:14:34.009+03:00 DEBUG 20646 --- [           main] o.s.b.f.s.DefaultListableBeanFactory     : Creating shared instance of singleton bean 'initializeAuthenticationProviderBeanManagerConfigurer'
2024-08-03T18:14:34.009+03:00 DEBUG 20646 --- [           main] o.s.b.f.s.DefaultListableBeanFactory     : Autowiring by type from bean name 'initializeAuthenticationProviderBeanManagerConfigurer' via factory method to bean named 'org.springframework.web.context.support.GenericWebApplicationContext@7cc9ce8'
2024-08-03T18:14:34.010+03:00 DEBUG 20646 --- [           main] o.s.b.f.s.DefaultListableBeanFactory     : Creating shared instance of singleton bean 'objectPostProcessor'
2024-08-03T18:14:34.010+03:00 DEBUG 20646 --- [           main] o.s.b.f.s.DefaultListableBeanFactory     : Creating shared instance of singleton bean 'org.springframework.security.config.annotation.configuration.ObjectPostProcessorConfiguration'
2024-08-03T18:14:34.010+03:00 DEBUG 20646 --- [           main] o.s.b.f.s.DefaultListableBeanFactory     : Autowiring by type from bean name 'objectPostProcessor' via factory method to bean named 'org.springframework.beans.factory.support.DefaultListableBeanFactory@796d3c9f'
2024-08-03T18:14:34.011+03:00 DEBUG 20646 --- [           main] o.s.b.f.s.DefaultListableBeanFactory     : Autowiring by type from bean name 'authenticationManager' via factory method to bean named 'org.springframework.security.config.annotation.authentication.configuration.AuthenticationConfiguration'
2024-08-03T18:14:34.011+03:00 DEBUG 20646 --- [           main] o.s.b.f.s.DefaultListableBeanFactory     : Creating shared instance of singleton bean 'authenticationManagerBuilder'
2024-08-03T18:14:34.011+03:00 DEBUG 20646 --- [           main] o.s.b.f.s.DefaultListableBeanFactory     : Autowiring by type from bean name 'authenticationManagerBuilder' via factory method to bean named 'objectPostProcessor'
2024-08-03T18:14:34.011+03:00 DEBUG 20646 --- [           main] o.s.b.f.s.DefaultListableBeanFactory     : Autowiring by type from bean name 'authenticationManagerBuilder' via factory method to bean named 'org.springframework.web.context.support.GenericWebApplicationContext@7cc9ce8'
2024-08-03T18:14:34.012+03:00 DEBUG 20646 --- [           main] o.s.b.f.s.DefaultListableBeanFactory     : Creating shared instance of singleton bean 'authenticationEventPublisher'
2024-08-03T18:14:34.012+03:00 DEBUG 20646 --- [           main] o.s.b.f.s.DefaultListableBeanFactory     : Creating shared instance of singleton bean 'org.springframework.boot.autoconfigure.security.servlet.SecurityAutoConfiguration'
2024-08-03T18:14:34.012+03:00 DEBUG 20646 --- [           main] o.s.b.f.s.DefaultListableBeanFactory     : Autowiring by type from bean name 'authenticationEventPublisher' via factory method to bean named 'org.springframework.web.context.support.GenericWebApplicationContext@7cc9ce8'
2024-08-03T18:14:34.019+03:00 DEBUG 20646 --- [           main] o.s.b.f.s.DefaultListableBeanFactory     : Creating shared instance of singleton bean 'passwordEncoder'
2024-08-03T18:14:34.024+03:00  INFO 20646 --- [           main] r$InitializeUserDetailsManagerConfigurer : Global AuthenticationManager configured with UserDetailsService bean with name userService
2024-08-03T18:14:34.026+03:00 DEBUG 20646 --- [           main] o.s.b.f.s.DefaultListableBeanFactory     : Creating shared instance of singleton bean 'authService'
2024-08-03T18:14:34.027+03:00 DEBUG 20646 --- [           main] o.s.b.f.s.DefaultListableBeanFactory     : Autowiring by type from bean name 'authService' via constructor to bean named 'userRepository'
2024-08-03T18:14:34.027+03:00 DEBUG 20646 --- [           main] o.s.b.f.s.DefaultListableBeanFactory     : Creating shared instance of singleton bean 'chatController'
2024-08-03T18:14:34.029+03:00 DEBUG 20646 --- [           main] o.s.b.f.s.DefaultListableBeanFactory     : Creating shared instance of singleton bean 'chatService'
2024-08-03T18:14:34.029+03:00 DEBUG 20646 --- [           main] o.s.b.f.s.DefaultListableBeanFactory     : Creating shared instance of singleton bean 'chatRepository'
2024-08-03T18:14:34.030+03:00 DEBUG 20646 --- [           main] o.s.b.f.s.DefaultListableBeanFactory     : Creating shared instance of singleton bean 'jpa.named-queries#1'
2024-08-03T18:14:34.030+03:00 DEBUG 20646 --- [           main] o.s.b.f.s.DefaultListableBeanFactory     : Creating shared instance of singleton bean 'jpa.ChatRepository.fragments#0'
2024-08-03T18:14:34.031+03:00 DEBUG 20646 --- [           main] tor$SharedEntityManagerInvocationHandler : Creating new EntityManager for shared EntityManager invocation
2024-08-03T18:14:34.031+03:00 DEBUG 20646 --- [           main] o.s.d.r.c.s.RepositoryFactorySupport     : Initializing repository instance for ua.com.chatter.demo.repository.ChatRepository…
2024-08-03T18:14:34.031+03:00 DEBUG 20646 --- [           main] tor$SharedEntityManagerInvocationHandler : Creating new EntityManager for shared EntityManager invocation
2024-08-03T18:14:34.039+03:00  INFO 20646 --- [           main] o.s.d.j.r.query.QueryEnhancerFactory     : Hibernate is in classpath; If applicable, HQL parser will be used.
2024-08-03T18:14:34.141+03:00 DEBUG 20646 --- [           main] o.s.d.jpa.repository.query.NamedQuery    : Did not find named query ChatEntity.findByUserId.count
2024-08-03T18:14:34.141+03:00 DEBUG 20646 --- [           main] tor$SharedEntityManagerInvocationHandler : Creating new EntityManager for shared EntityManager invocation
2024-08-03T18:14:34.304+03:00 DEBUG 20646 --- [           main] o.s.d.jpa.repository.query.NamedQuery    : Did not find named query ChatEntity.hasPrivateSimpleChat.count
2024-08-03T18:14:34.304+03:00 DEBUG 20646 --- [           main] tor$SharedEntityManagerInvocationHandler : Creating new EntityManager for shared EntityManager invocation
2024-08-03T18:14:34.388+03:00 DEBUG 20646 --- [           main] o.s.d.jpa.repository.query.NamedQuery    : Did not find named query ChatEntity.deleteByChatId.count
2024-08-03T18:14:34.388+03:00 DEBUG 20646 --- [           main] tor$SharedEntityManagerInvocationHandler : Creating new EntityManager for shared EntityManager invocation
2024-08-03T18:14:34.391+03:00 DEBUG 20646 --- [           main] o.s.d.r.c.s.RepositoryFactorySupport     : Finished creation of repository instance for ua.com.chatter.demo.repository.ChatRepository.
2024-08-03T18:14:34.392+03:00 DEBUG 20646 --- [           main] o.s.b.f.s.DefaultListableBeanFactory     : Creating shared instance of singleton bean 'messagesRepository'
2024-08-03T18:14:34.393+03:00 DEBUG 20646 --- [           main] o.s.b.f.s.DefaultListableBeanFactory     : Creating shared instance of singleton bean 'jpa.named-queries#0'
2024-08-03T18:14:34.393+03:00 DEBUG 20646 --- [           main] o.s.b.f.s.DefaultListableBeanFactory     : Creating shared instance of singleton bean 'jpa.MessagesRepository.fragments#0'
2024-08-03T18:14:34.393+03:00 DEBUG 20646 --- [           main] tor$SharedEntityManagerInvocationHandler : Creating new EntityManager for shared EntityManager invocation
2024-08-03T18:14:34.394+03:00 DEBUG 20646 --- [           main] o.s.d.r.c.s.RepositoryFactorySupport     : Initializing repository instance for ua.com.chatter.demo.repository.MessagesRepository…
2024-08-03T18:14:34.394+03:00 DEBUG 20646 --- [           main] tor$SharedEntityManagerInvocationHandler : Creating new EntityManager for shared EntityManager invocation
2024-08-03T18:14:34.396+03:00 DEBUG 20646 --- [           main] o.s.d.jpa.repository.query.NamedQuery    : Looking up named query MessageEntity.findByUserId
2024-08-03T18:14:34.396+03:00 DEBUG 20646 --- [           main] o.s.d.jpa.repository.query.NamedQuery    : Did not find named query MessageEntity.findByUserId
2024-08-03T18:14:34.396+03:00 DEBUG 20646 --- [           main] tor$SharedEntityManagerInvocationHandler : Creating new EntityManager for shared EntityManager invocation
2024-08-03T18:14:34.397+03:00 DEBUG 20646 --- [           main] o.s.d.jpa.repository.query.NamedQuery    : Looking up named query MessageEntity.deleteByChatId
2024-08-03T18:14:34.397+03:00 DEBUG 20646 --- [           main] o.s.d.jpa.repository.query.NamedQuery    : Did not find named query MessageEntity.deleteByChatId
2024-08-03T18:14:34.397+03:00 DEBUG 20646 --- [           main] tor$SharedEntityManagerInvocationHandler : Creating new EntityManager for shared EntityManager invocation
2024-08-03T18:14:34.398+03:00 DEBUG 20646 --- [           main] o.s.d.jpa.repository.query.NamedQuery    : Looking up named query MessageEntity.findByChatId
2024-08-03T18:14:34.398+03:00 DEBUG 20646 --- [           main] o.s.d.jpa.repository.query.NamedQuery    : Did not find named query MessageEntity.findByChatId
2024-08-03T18:14:34.398+03:00 DEBUG 20646 --- [           main] tor$SharedEntityManagerInvocationHandler : Creating new EntityManager for shared EntityManager invocation
2024-08-03T18:14:34.402+03:00 DEBUG 20646 --- [           main] o.s.d.jpa.repository.query.NamedQuery    : Did not find named query MessageEntity.updateMessage.count
2024-08-03T18:14:34.402+03:00 DEBUG 20646 --- [           main] tor$SharedEntityManagerInvocationHandler : Creating new EntityManager for shared EntityManager invocation
2024-08-03T18:14:34.414+03:00 DEBUG 20646 --- [           main] o.s.d.jpa.repository.query.NamedQuery    : Looking up named query MessageEntity.findByMessageId
2024-08-03T18:14:34.414+03:00 DEBUG 20646 --- [           main] o.s.d.jpa.repository.query.NamedQuery    : Did not find named query MessageEntity.findByMessageId
2024-08-03T18:14:34.414+03:00 DEBUG 20646 --- [           main] tor$SharedEntityManagerInvocationHandler : Creating new EntityManager for shared EntityManager invocation
2024-08-03T18:14:34.415+03:00 DEBUG 20646 --- [           main] o.s.d.jpa.repository.query.NamedQuery    : Did not find named query MessageEntity.deleteByMessageId.count
2024-08-03T18:14:34.415+03:00 DEBUG 20646 --- [           main] tor$SharedEntityManagerInvocationHandler : Creating new EntityManager for shared EntityManager invocation
2024-08-03T18:14:34.418+03:00 DEBUG 20646 --- [           main] o.s.d.r.c.s.RepositoryFactorySupport     : Finished creation of repository instance for ua.com.chatter.demo.repository.MessagesRepository.
2024-08-03T18:14:34.418+03:00 DEBUG 20646 --- [           main] o.s.b.f.s.DefaultListableBeanFactory     : Creating shared instance of singleton bean 'fileController'
2024-08-03T18:14:34.419+03:00 DEBUG 20646 --- [           main] o.s.b.f.s.DefaultListableBeanFactory     : Creating shared instance of singleton bean 'fileService'
2024-08-03T18:14:34.419+03:00 DEBUG 20646 --- [           main] o.s.b.f.s.DefaultListableBeanFactory     : Creating shared instance of singleton bean 'fileRepository'
2024-08-03T18:14:34.420+03:00 DEBUG 20646 --- [           main] o.s.b.f.s.DefaultListableBeanFactory     : Creating shared instance of singleton bean 'jpa.named-queries#2'
2024-08-03T18:14:34.420+03:00 DEBUG 20646 --- [           main] o.s.b.f.s.DefaultListableBeanFactory     : Creating shared instance of singleton bean 'jpa.FileRepository.fragments#0'
2024-08-03T18:14:34.420+03:00 DEBUG 20646 --- [           main] tor$SharedEntityManagerInvocationHandler : Creating new EntityManager for shared EntityManager invocation
2024-08-03T18:14:34.422+03:00 DEBUG 20646 --- [           main] o.s.d.r.c.s.RepositoryFactorySupport     : Initializing repository instance for ua.com.chatter.demo.repository.FileRepository…
2024-08-03T18:14:34.422+03:00 DEBUG 20646 --- [           main] tor$SharedEntityManagerInvocationHandler : Creating new EntityManager for shared EntityManager invocation
2024-08-03T18:14:34.424+03:00 DEBUG 20646 --- [           main] o.s.d.r.c.s.RepositoryFactorySupport     : Finished creation of repository instance for ua.com.chatter.demo.repository.FileRepository.
2024-08-03T18:14:34.424+03:00 DEBUG 20646 --- [           main] o.s.b.f.s.DefaultListableBeanFactory     : Creating shared instance of singleton bean 'messagesController'
2024-08-03T18:14:34.425+03:00 DEBUG 20646 --- [           main] o.s.b.f.s.DefaultListableBeanFactory     : Creating shared instance of singleton bean 'messagessService'
2024-08-03T18:14:34.426+03:00 DEBUG 20646 --- [           main] o.s.b.f.s.DefaultListableBeanFactory     : Creating shared instance of singleton bean 'notificationController'
2024-08-03T18:14:34.426+03:00 DEBUG 20646 --- [           main] o.s.b.f.s.DefaultListableBeanFactory     : Creating shared instance of singleton bean 'notificationService'
2024-08-03T18:14:34.427+03:00 DEBUG 20646 --- [           main] o.s.b.f.s.DefaultListableBeanFactory     : Creating shared instance of singleton bean 'userController'
2024-08-03T18:14:34.427+03:00 DEBUG 20646 --- [           main] o.s.b.f.s.DefaultListableBeanFactory     : Creating shared instance of singleton bean 'wsChatController'
2024-08-03T18:14:34.428+03:00 DEBUG 20646 --- [           main] o.s.b.f.s.DefaultListableBeanFactory     : Creating shared instance of singleton bean 'brokerMessagingTemplate'
2024-08-03T18:14:34.428+03:00 DEBUG 20646 --- [           main] o.s.b.f.s.DefaultListableBeanFactory     : Creating shared instance of singleton bean 'org.springframework.web.socket.config.annotation.DelegatingWebSocketMessageBrokerConfiguration'
2024-08-03T18:14:34.428+03:00 DEBUG 20646 --- [           main] o.s.b.f.s.DefaultListableBeanFactory     : Creating shared instance of singleton bean 'webSocketMessageConfig'
2024-08-03T18:14:34.429+03:00 DEBUG 20646 --- [           main] o.s.b.f.s.DefaultListableBeanFactory     : Creating shared instance of singleton bean 'org.springframework.boot.autoconfigure.websocket.servlet.WebSocketMessagingAutoConfiguration$WebSocketMessageConverterConfiguration'
2024-08-03T18:14:34.429+03:00 DEBUG 20646 --- [           main] o.s.b.f.s.DefaultListableBeanFactory     : Creating shared instance of singleton bean 'jacksonObjectMapper'
2024-08-03T18:14:34.429+03:00 DEBUG 20646 --- [           main] o.s.b.f.s.DefaultListableBeanFactory     : Creating shared instance of singleton bean 'org.springframework.boot.autoconfigure.jackson.JacksonAutoConfiguration$JacksonObjectMapperConfiguration'
2024-08-03T18:14:34.429+03:00 DEBUG 20646 --- [           main] o.s.b.f.s.DefaultListableBeanFactory     : Creating shared instance of singleton bean 'org.springframework.boot.autoconfigure.jackson.JacksonAutoConfiguration$JacksonObjectMapperBuilderConfiguration'
2024-08-03T18:14:34.430+03:00 DEBUG 20646 --- [           main] o.s.b.f.s.DefaultListableBeanFactory     : Creating shared instance of singleton bean 'standardJacksonObjectMapperBuilderCustomizer'
2024-08-03T18:14:34.430+03:00 DEBUG 20646 --- [           main] o.s.b.f.s.DefaultListableBeanFactory     : Creating shared instance of singleton bean 'org.springframework.boot.autoconfigure.jackson.JacksonAutoConfiguration$Jackson2ObjectMapperBuilderCustomizerConfiguration'
2024-08-03T18:14:34.430+03:00 DEBUG 20646 --- [           main] o.s.b.f.s.DefaultListableBeanFactory     : Creating shared instance of singleton bean 'spring.jackson-org.springframework.boot.autoconfigure.jackson.JacksonProperties'
2024-08-03T18:14:34.432+03:00 DEBUG 20646 --- [           main] o.s.b.f.s.DefaultListableBeanFactory     : Autowiring by type from bean name 'standardJacksonObjectMapperBuilderCustomizer' via factory method to bean named 'spring.jackson-org.springframework.boot.autoconfigure.jackson.JacksonProperties'
2024-08-03T18:14:34.432+03:00 DEBUG 20646 --- [           main] o.s.b.f.s.DefaultListableBeanFactory     : Creating shared instance of singleton bean 'parameterNamesModule'
2024-08-03T18:14:34.432+03:00 DEBUG 20646 --- [           main] o.s.b.f.s.DefaultListableBeanFactory     : Creating shared instance of singleton bean 'org.springframework.boot.autoconfigure.jackson.JacksonAutoConfiguration$ParameterNamesModuleConfiguration'
2024-08-03T18:14:34.434+03:00 DEBUG 20646 --- [           main] o.s.b.f.s.DefaultListableBeanFactory     : Creating shared instance of singleton bean 'jsonMixinModule'
2024-08-03T18:14:34.434+03:00 DEBUG 20646 --- [           main] o.s.b.f.s.DefaultListableBeanFactory     : Creating shared instance of singleton bean 'org.springframework.boot.autoconfigure.jackson.JacksonAutoConfiguration$JacksonMixinConfiguration'
2024-08-03T18:14:34.434+03:00 DEBUG 20646 --- [           main] o.s.b.f.s.DefaultListableBeanFactory     : Creating shared instance of singleton bean 'jsonMixinModuleEntries'
2024-08-03T18:14:34.434+03:00 DEBUG 20646 --- [           main] o.s.b.f.s.DefaultListableBeanFactory     : Autowiring by type from bean name 'jsonMixinModuleEntries' via factory method to bean named 'org.springframework.web.context.support.GenericWebApplicationContext@7cc9ce8'
2024-08-03T18:14:34.434+03:00 DEBUG 20646 --- [           main] o.s.b.f.s.DefaultListableBeanFactory     : Creating shared instance of singleton bean 'org.springframework.boot.autoconfigure.AutoConfigurationPackages'
2024-08-03T18:14:34.435+03:00 DEBUG 20646 --- [           main] o.s.b.a.AutoConfigurationPackages        : @EnableAutoConfiguration was declared on a class in the package 'ua.com.chatter.demo'. Automatic @Repository and @Entity scanning is enabled.
2024-08-03T18:14:34.438+03:00 DEBUG 20646 --- [           main] o.s.b.f.s.DefaultListableBeanFactory     : Autowiring by type from bean name 'jsonMixinModule' via factory method to bean named 'org.springframework.web.context.support.GenericWebApplicationContext@7cc9ce8'
2024-08-03T18:14:34.438+03:00 DEBUG 20646 --- [           main] o.s.b.f.s.DefaultListableBeanFactory     : Autowiring by type from bean name 'jsonMixinModule' via factory method to bean named 'jsonMixinModuleEntries'
2024-08-03T18:14:34.439+03:00 DEBUG 20646 --- [           main] o.s.b.f.s.DefaultListableBeanFactory     : Creating shared instance of singleton bean 'jsonComponentModule'
2024-08-03T18:14:34.439+03:00 DEBUG 20646 --- [           main] o.s.b.f.s.DefaultListableBeanFactory     : Creating shared instance of singleton bean 'org.springframework.boot.autoconfigure.jackson.JacksonAutoConfiguration'
2024-08-03T18:14:34.441+03:00 DEBUG 20646 --- [           main] o.s.b.f.s.DefaultListableBeanFactory     : Creating shared instance of singleton bean 'jacksonGeoModule'
2024-08-03T18:14:34.441+03:00 DEBUG 20646 --- [           main] o.s.b.f.s.DefaultListableBeanFactory     : Creating shared instance of singleton bean 'org.springframework.data.web.config.SpringDataJacksonConfiguration'
2024-08-03T18:14:34.442+03:00 DEBUG 20646 --- [           main] o.s.b.f.s.DefaultListableBeanFactory     : Creating shared instance of singleton bean 'org.springframework.data.web.config.SpringDataWebSettings'
2024-08-03T18:14:34.444+03:00 DEBUG 20646 --- [           main] o.s.b.f.s.DefaultListableBeanFactory     : Creating shared instance of singleton bean 'pageModule'
2024-08-03T18:14:34.445+03:00 DEBUG 20646 --- [           main] o.s.b.f.s.DefaultListableBeanFactory     : Autowiring by type from bean name 'jacksonObjectMapperBuilder' via factory method to bean named 'org.springframework.web.context.support.GenericWebApplicationContext@7cc9ce8'
2024-08-03T18:14:34.445+03:00 DEBUG 20646 --- [           main] o.s.b.f.s.DefaultListableBeanFactory     : Autowiring by type from bean name 'jacksonObjectMapperBuilder' via factory method to bean named 'standardJacksonObjectMapperBuilderCustomizer'
2024-08-03T18:14:34.447+03:00 DEBUG 20646 --- [           main] o.s.b.f.s.DefaultListableBeanFactory     : Autowiring by type from bean name 'jacksonObjectMapper' via factory method to bean named 'jacksonObjectMapperBuilder'
2024-08-03T18:14:34.455+03:00 DEBUG 20646 --- [           main] o.s.b.f.s.DefaultListableBeanFactory     : Autowiring by type from bean name 'org.springframework.boot.autoconfigure.websocket.servlet.WebSocketMessagingAutoConfiguration$WebSocketMessageConverterConfiguration' via constructor to bean named 'jacksonObjectMapper'
2024-08-03T18:14:34.456+03:00 DEBUG 20646 --- [           main] o.s.b.f.s.DefaultListableBeanFactory     : Creating shared instance of singleton bean 'brokerChannel'
2024-08-03T18:14:34.456+03:00 DEBUG 20646 --- [           main] o.s.b.f.s.DefaultListableBeanFactory     : Creating shared instance of singleton bean 'clientInboundChannel'
2024-08-03T18:14:34.456+03:00 DEBUG 20646 --- [           main] o.s.b.f.s.DefaultListableBeanFactory     : Creating shared instance of singleton bean 'clientInboundChannelExecutor'
2024-08-03T18:14:34.460+03:00 DEBUG 20646 --- [           main] o.s.s.concurrent.ThreadPoolTaskExecutor  : Initializing ExecutorService 'clientInboundChannelExecutor'
2024-08-03T18:14:34.462+03:00 DEBUG 20646 --- [           main] o.s.b.f.s.DefaultListableBeanFactory     : Autowiring by type from bean name 'clientInboundChannel' via factory method to bean named 'clientInboundChannelExecutor'
2024-08-03T18:14:34.464+03:00 DEBUG 20646 --- [           main] o.s.b.f.s.DefaultListableBeanFactory     : Creating shared instance of singleton bean 'clientOutboundChannel'
2024-08-03T18:14:34.464+03:00 DEBUG 20646 --- [           main] o.s.b.f.s.DefaultListableBeanFactory     : Creating shared instance of singleton bean 'clientOutboundChannelExecutor'
2024-08-03T18:14:34.464+03:00 DEBUG 20646 --- [           main] o.s.s.concurrent.ThreadPoolTaskExecutor  : Initializing ExecutorService 'clientOutboundChannelExecutor'
2024-08-03T18:14:34.465+03:00 DEBUG 20646 --- [           main] o.s.b.f.s.DefaultListableBeanFactory     : Autowiring by type from bean name 'clientOutboundChannel' via factory method to bean named 'clientOutboundChannelExecutor'
2024-08-03T18:14:34.465+03:00 DEBUG 20646 --- [           main] o.s.b.f.s.DefaultListableBeanFactory     : Creating shared instance of singleton bean 'brokerChannelExecutor'
2024-08-03T18:14:34.465+03:00 DEBUG 20646 --- [           main] o.s.b.f.s.DefaultListableBeanFactory     : Autowiring by type from bean name 'brokerChannelExecutor' via factory method to bean named 'clientInboundChannel'
2024-08-03T18:14:34.465+03:00 DEBUG 20646 --- [           main] o.s.b.f.s.DefaultListableBeanFactory     : Autowiring by type from bean name 'brokerChannelExecutor' via factory method to bean named 'clientOutboundChannel'
2024-08-03T18:14:34.466+03:00 DEBUG 20646 --- [           main] o.s.s.concurrent.ThreadPoolTaskExecutor  : Initializing ExecutorService 'brokerChannelExecutor'
2024-08-03T18:14:34.466+03:00 DEBUG 20646 --- [           main] o.s.b.f.s.DefaultListableBeanFactory     : Autowiring by type from bean name 'brokerChannel' via factory method to bean named 'clientInboundChannel'
2024-08-03T18:14:34.466+03:00 DEBUG 20646 --- [           main] o.s.b.f.s.DefaultListableBeanFactory     : Autowiring by type from bean name 'brokerChannel' via factory method to bean named 'clientOutboundChannel'
2024-08-03T18:14:34.466+03:00 DEBUG 20646 --- [           main] o.s.b.f.s.DefaultListableBeanFactory     : Autowiring by type from bean name 'brokerChannel' via factory method to bean named 'brokerChannelExecutor'
2024-08-03T18:14:34.467+03:00 DEBUG 20646 --- [           main] o.s.b.f.s.DefaultListableBeanFactory     : Creating shared instance of singleton bean 'brokerMessageConverter'
2024-08-03T18:14:34.469+03:00 DEBUG 20646 --- [           main] o.s.b.f.s.DefaultListableBeanFactory     : Autowiring by type from bean name 'brokerMessagingTemplate' via factory method to bean named 'brokerChannel'
2024-08-03T18:14:34.469+03:00 DEBUG 20646 --- [           main] o.s.b.f.s.DefaultListableBeanFactory     : Autowiring by type from bean name 'brokerMessagingTemplate' via factory method to bean named 'clientInboundChannel'
2024-08-03T18:14:34.469+03:00 DEBUG 20646 --- [           main] o.s.b.f.s.DefaultListableBeanFactory     : Autowiring by type from bean name 'brokerMessagingTemplate' via factory method to bean named 'clientOutboundChannel'
2024-08-03T18:14:34.469+03:00 DEBUG 20646 --- [           main] o.s.b.f.s.DefaultListableBeanFactory     : Autowiring by type from bean name 'brokerMessagingTemplate' via factory method to bean named 'brokerMessageConverter'
2024-08-03T18:14:34.472+03:00 DEBUG 20646 --- [           main] o.s.b.f.s.DefaultListableBeanFactory     : Creating shared instance of singleton bean 'firebaseConfig'
2024-08-03T18:14:34.472+03:00 DEBUG 20646 --- [           main] o.s.b.f.s.DefaultListableBeanFactory     : Creating shared instance of singleton bean 'chatterWebSocketHandler'
2024-08-03T18:14:34.473+03:00 DEBUG 20646 --- [           main] o.s.b.f.s.DefaultListableBeanFactory     : Creating shared instance of singleton bean 'webSocketConfig'
2024-08-03T18:14:34.474+03:00 DEBUG 20646 --- [           main] o.s.b.f.s.DefaultListableBeanFactory     : Creating shared instance of singleton bean 'org.springframework.security.config.annotation.web.configuration.WebSecurityConfiguration'
2024-08-03T18:14:34.475+03:00 DEBUG 20646 --- [           main] o.s.b.f.s.DefaultListableBeanFactory     : Creating shared instance of singleton bean 'org.springframework.security.config.annotation.web.configuration.HttpSecurityConfiguration'
2024-08-03T18:14:34.478+03:00 DEBUG 20646 --- [           main] o.s.b.f.s.DefaultListableBeanFactory     : Creating shared instance of singleton bean 'mvcContentNegotiationManager'
2024-08-03T18:14:34.478+03:00 DEBUG 20646 --- [           main] o.s.b.f.s.DefaultListableBeanFactory     : Creating shared instance of singleton bean 'org.springframework.boot.autoconfigure.web.servlet.WebMvcAutoConfiguration$EnableWebMvcConfiguration'
2024-08-03T18:14:34.478+03:00 DEBUG 20646 --- [           main] o.s.b.f.s.DefaultListableBeanFactory     : Creating shared instance of singleton bean 'spring.mvc-org.springframework.boot.autoconfigure.web.servlet.WebMvcProperties'
2024-08-03T18:14:34.480+03:00 DEBUG 20646 --- [           main] o.s.b.f.s.DefaultListableBeanFactory     : Creating shared instance of singleton bean 'spring.web-org.springframework.boot.autoconfigure.web.WebProperties'
2024-08-03T18:14:34.481+03:00 DEBUG 20646 --- [           main] o.s.b.f.s.DefaultListableBeanFactory     : Autowiring by type from bean name 'org.springframework.boot.autoconfigure.web.servlet.WebMvcAutoConfiguration$EnableWebMvcConfiguration' via constructor to bean named 'spring.mvc-org.springframework.boot.autoconfigure.web.servlet.WebMvcProperties'
2024-08-03T18:14:34.481+03:00 DEBUG 20646 --- [           main] o.s.b.f.s.DefaultListableBeanFactory     : Autowiring by type from bean name 'org.springframework.boot.autoconfigure.web.servlet.WebMvcAutoConfiguration$EnableWebMvcConfiguration' via constructor to bean named 'spring.web-org.springframework.boot.autoconfigure.web.WebProperties'
2024-08-03T18:14:34.481+03:00 DEBUG 20646 --- [           main] o.s.b.f.s.DefaultListableBeanFactory     : Autowiring by type from bean name 'org.springframework.boot.autoconfigure.web.servlet.WebMvcAutoConfiguration$EnableWebMvcConfiguration' via constructor to bean named 'org.springframework.beans.factory.support.DefaultListableBeanFactory@796d3c9f'
2024-08-03T18:14:34.483+03:00 DEBUG 20646 --- [           main] o.s.b.f.s.DefaultListableBeanFactory     : Creating shared instance of singleton bean 'org.springframework.security.config.annotation.web.configuration.WebMvcSecurityConfiguration'
2024-08-03T18:14:34.483+03:00 DEBUG 20646 --- [           main] o.s.b.f.s.DefaultListableBeanFactory     : Creating shared instance of singleton bean 'org.springframework.boot.autoconfigure.web.servlet.WebMvcAutoConfiguration$WebMvcAutoConfigurationAdapter'
2024-08-03T18:14:34.483+03:00 DEBUG 20646 --- [           main] o.s.b.f.s.DefaultListableBeanFactory     : Autowiring by type from bean name 'org.springframework.boot.autoconfigure.web.servlet.WebMvcAutoConfiguration$WebMvcAutoConfigurationAdapter' via constructor to bean named 'spring.web-org.springframework.boot.autoconfigure.web.WebProperties'
2024-08-03T18:14:34.484+03:00 DEBUG 20646 --- [           main] o.s.b.f.s.DefaultListableBeanFactory     : Autowiring by type from bean name 'org.springframework.boot.autoconfigure.web.servlet.WebMvcAutoConfiguration$WebMvcAutoConfigurationAdapter' via constructor to bean named 'spring.mvc-org.springframework.boot.autoconfigure.web.servlet.WebMvcProperties'
2024-08-03T18:14:34.484+03:00 DEBUG 20646 --- [           main] o.s.b.f.s.DefaultListableBeanFactory     : Autowiring by type from bean name 'org.springframework.boot.autoconfigure.web.servlet.WebMvcAutoConfiguration$WebMvcAutoConfigurationAdapter' via constructor to bean named 'org.springframework.beans.factory.support.DefaultListableBeanFactory@796d3c9f'
2024-08-03T18:14:34.485+03:00 DEBUG 20646 --- [           main] o.s.b.f.s.DefaultListableBeanFactory     : Creating shared instance of singleton bean 'openEntityManagerInViewInterceptorConfigurer'
2024-08-03T18:14:34.485+03:00 DEBUG 20646 --- [           main] o.s.b.f.s.DefaultListableBeanFactory     : Creating shared instance of singleton bean 'org.springframework.boot.autoconfigure.orm.jpa.JpaBaseConfiguration$JpaWebConfiguration'
2024-08-03T18:14:34.485+03:00 DEBUG 20646 --- [           main] o.s.b.f.s.DefaultListableBeanFactory     : Autowiring by type from bean name 'org.springframework.boot.autoconfigure.orm.jpa.JpaBaseConfiguration$JpaWebConfiguration' via constructor to bean named 'spring.jpa-org.springframework.boot.autoconfigure.orm.jpa.JpaProperties'
2024-08-03T18:14:34.485+03:00 DEBUG 20646 --- [           main] o.s.b.f.s.DefaultListableBeanFactory     : Creating shared instance of singleton bean 'openEntityManagerInViewInterceptor'
2024-08-03T18:14:34.485+03:00  WARN 20646 --- [           main] JpaBaseConfiguration$JpaWebConfiguration : spring.jpa.open-in-view is enabled by default. Therefore, database queries may be performed during view rendering. Explicitly configure spring.jpa.open-in-view to disable this warning
2024-08-03T18:14:34.487+03:00 DEBUG 20646 --- [           main] o.s.b.f.s.DefaultListableBeanFactory     : Autowiring by type from bean name 'openEntityManagerInViewInterceptorConfigurer' via factory method to bean named 'openEntityManagerInViewInterceptor'
2024-08-03T18:14:34.488+03:00 DEBUG 20646 --- [           main] o.s.b.f.s.DefaultListableBeanFactory     : Creating shared instance of singleton bean 'org.springframework.data.web.config.SpringDataWebConfiguration'
2024-08-03T18:14:34.488+03:00 DEBUG 20646 --- [           main] o.s.b.f.s.DefaultListableBeanFactory     : Autowiring by type from bean name 'org.springframework.data.web.config.SpringDataWebConfiguration' via constructor to bean named 'org.springframework.web.context.support.GenericWebApplicationContext@7cc9ce8'
2024-08-03T18:14:34.518+03:00 DEBUG 20646 --- [           main] o.s.b.f.s.DefaultListableBeanFactory     : Creating shared instance of singleton bean 'mvcHandlerMappingIntrospectorRequestTransformer'
2024-08-03T18:14:34.518+03:00 DEBUG 20646 --- [           main] o.s.b.f.s.DefaultListableBeanFactory     : Creating shared instance of singleton bean 'mvcHandlerMappingIntrospector'
2024-08-03T18:14:34.520+03:00 DEBUG 20646 --- [           main] o.s.b.f.s.DefaultListableBeanFactory     : Creating shared instance of singleton bean 'webSocketHandlerMapping'
2024-08-03T18:14:34.520+03:00 DEBUG 20646 --- [           main] o.s.b.f.s.DefaultListableBeanFactory     : Creating shared instance of singleton bean 'org.springframework.web.socket.config.annotation.DelegatingWebSocketConfiguration'
2024-08-03T18:14:34.520+03:00 DEBUG 20646 --- [           main] o.s.b.f.s.DefaultListableBeanFactory     : Creating shared instance of singleton bean 'defaultSockJsSchedulerContainer'
2024-08-03T18:14:34.522+03:00 DEBUG 20646 --- [           main] o.s.b.f.s.DefaultListableBeanFactory     : Autowiring by type from bean name 'webSocketHandlerMapping' via factory method to bean named 'defaultSockJsSchedulerContainer'
2024-08-03T18:14:34.534+03:00 DEBUG 20646 --- [           main] o.s.w.s.s.s.WebSocketHandlerMapping      : Patterns [/chat] in 'webSocketHandlerMapping'
2024-08-03T18:14:34.535+03:00 DEBUG 20646 --- [           main] o.s.b.f.s.DefaultListableBeanFactory     : Creating shared instance of singleton bean 'stompWebSocketHandlerMapping'
2024-08-03T18:14:34.535+03:00 DEBUG 20646 --- [           main] o.s.b.f.s.DefaultListableBeanFactory     : Creating shared instance of singleton bean 'subProtocolWebSocketHandler'
2024-08-03T18:14:34.535+03:00 DEBUG 20646 --- [           main] o.s.b.f.s.DefaultListableBeanFactory     : Autowiring by type from bean name 'subProtocolWebSocketHandler' via factory method to bean named 'clientInboundChannel'
2024-08-03T18:14:34.535+03:00 DEBUG 20646 --- [           main] o.s.b.f.s.DefaultListableBeanFactory     : Autowiring by type from bean name 'subProtocolWebSocketHandler' via factory method to bean named 'clientOutboundChannel'
2024-08-03T18:14:34.538+03:00 DEBUG 20646 --- [           main] o.s.b.f.s.DefaultListableBeanFactory     : Creating shared instance of singleton bean 'messageBrokerTaskScheduler'
2024-08-03T18:14:34.539+03:00 DEBUG 20646 --- [           main] o.s.s.c.ThreadPoolTaskScheduler          : Initializing ExecutorService 'messageBrokerTaskScheduler'
2024-08-03T18:14:34.540+03:00 DEBUG 20646 --- [           main] o.s.b.f.s.DefaultListableBeanFactory     : Autowiring by type from bean name 'stompWebSocketHandlerMapping' via factory method to bean named 'subProtocolWebSocketHandler'
2024-08-03T18:14:34.540+03:00 DEBUG 20646 --- [           main] o.s.b.f.s.DefaultListableBeanFactory     : Autowiring by type from bean name 'stompWebSocketHandlerMapping' via factory method to bean named 'messageBrokerTaskScheduler'
2024-08-03T18:14:34.540+03:00 DEBUG 20646 --- [           main] o.s.b.f.s.DefaultListableBeanFactory     : Autowiring by type from bean name 'stompWebSocketHandlerMapping' via factory method to bean named 'clientInboundChannel'
2024-08-03T18:14:34.552+03:00 DEBUG 20646 --- [           main] o.s.w.s.s.s.WebSocketHandlerMapping      : Patterns [/chat/**] in 'stompWebSocketHandlerMapping'
2024-08-03T18:14:34.552+03:00 DEBUG 20646 --- [           main] o.s.b.f.s.DefaultListableBeanFactory     : Creating shared instance of singleton bean 'welcomePageHandlerMapping'
2024-08-03T18:14:34.552+03:00 DEBUG 20646 --- [           main] o.s.b.f.s.DefaultListableBeanFactory     : Creating shared instance of singleton bean 'mvcConversionService'
2024-08-03T18:14:34.557+03:00 DEBUG 20646 --- [           main] o.s.b.f.s.DefaultListableBeanFactory     : Creating shared instance of singleton bean 'mvcResourceUrlProvider'
2024-08-03T18:14:34.558+03:00 DEBUG 20646 --- [           main] o.s.b.f.s.DefaultListableBeanFactory     : Autowiring by type from bean name 'welcomePageHandlerMapping' via factory method to bean named 'org.springframework.web.context.support.GenericWebApplicationContext@7cc9ce8'
2024-08-03T18:14:34.558+03:00 DEBUG 20646 --- [           main] o.s.b.f.s.DefaultListableBeanFactory     : Autowiring by type from bean name 'welcomePageHandlerMapping' via factory method to bean named 'mvcConversionService'
2024-08-03T18:14:34.558+03:00 DEBUG 20646 --- [           main] o.s.b.f.s.DefaultListableBeanFactory     : Autowiring by type from bean name 'welcomePageHandlerMapping' via factory method to bean named 'mvcResourceUrlProvider'
2024-08-03T18:14:34.563+03:00 DEBUG 20646 --- [           main] o.s.b.f.s.DefaultListableBeanFactory     : Creating shared instance of singleton bean 'welcomePageNotAcceptableHandlerMapping'
2024-08-03T18:14:34.563+03:00 DEBUG 20646 --- [           main] o.s.b.f.s.DefaultListableBeanFactory     : Autowiring by type from bean name 'welcomePageNotAcceptableHandlerMapping' via factory method to bean named 'org.springframework.web.context.support.GenericWebApplicationContext@7cc9ce8'
2024-08-03T18:14:34.563+03:00 DEBUG 20646 --- [           main] o.s.b.f.s.DefaultListableBeanFactory     : Autowiring by type from bean name 'welcomePageNotAcceptableHandlerMapping' via factory method to bean named 'mvcConversionService'
2024-08-03T18:14:34.563+03:00 DEBUG 20646 --- [           main] o.s.b.f.s.DefaultListableBeanFactory     : Autowiring by type from bean name 'welcomePageNotAcceptableHandlerMapping' via factory method to bean named 'mvcResourceUrlProvider'
2024-08-03T18:14:34.568+03:00 DEBUG 20646 --- [           main] o.s.b.f.s.DefaultListableBeanFactory     : Creating shared instance of singleton bean 'requestMappingHandlerMapping'
2024-08-03T18:14:34.568+03:00 DEBUG 20646 --- [           main] o.s.b.f.s.DefaultListableBeanFactory     : Autowiring by type from bean name 'requestMappingHandlerMapping' via factory method to bean named 'mvcContentNegotiationManager'
2024-08-03T18:14:34.568+03:00 DEBUG 20646 --- [           main] o.s.b.f.s.DefaultListableBeanFactory     : Autowiring by type from bean name 'requestMappingHandlerMapping' via factory method to bean named 'mvcConversionService'
2024-08-03T18:14:34.568+03:00 DEBUG 20646 --- [           main] o.s.b.f.s.DefaultListableBeanFactory     : Autowiring by type from bean name 'requestMappingHandlerMapping' via factory method to bean named 'mvcResourceUrlProvider'
2024-08-03T18:14:34.593+03:00 DEBUG 20646 --- [           main] s.w.s.m.m.a.RequestMappingHandlerMapping : 16 mappings in 'requestMappingHandlerMapping'
2024-08-03T18:14:34.595+03:00 DEBUG 20646 --- [           main] o.s.b.f.s.DefaultListableBeanFactory     : Creating shared instance of singleton bean 'viewControllerHandlerMapping'
2024-08-03T18:14:34.595+03:00 DEBUG 20646 --- [           main] o.s.b.f.s.DefaultListableBeanFactory     : Autowiring by type from bean name 'viewControllerHandlerMapping' via factory method to bean named 'mvcConversionService'
2024-08-03T18:14:34.595+03:00 DEBUG 20646 --- [           main] o.s.b.f.s.DefaultListableBeanFactory     : Autowiring by type from bean name 'viewControllerHandlerMapping' via factory method to bean named 'mvcResourceUrlProvider'
2024-08-03T18:14:34.595+03:00 DEBUG 20646 --- [           main] o.s.b.f.s.DefaultListableBeanFactory     : Creating shared instance of singleton bean 'beanNameHandlerMapping'
2024-08-03T18:14:34.596+03:00 DEBUG 20646 --- [           main] o.s.b.f.s.DefaultListableBeanFactory     : Autowiring by type from bean name 'beanNameHandlerMapping' via factory method to bean named 'mvcConversionService'
2024-08-03T18:14:34.596+03:00 DEBUG 20646 --- [           main] o.s.b.f.s.DefaultListableBeanFactory     : Autowiring by type from bean name 'beanNameHandlerMapping' via factory method to bean named 'mvcResourceUrlProvider'
2024-08-03T18:14:34.597+03:00 DEBUG 20646 --- [           main] o.s.b.f.s.DefaultListableBeanFactory     : Creating shared instance of singleton bean 'routerFunctionMapping'
2024-08-03T18:14:34.597+03:00 DEBUG 20646 --- [           main] o.s.b.f.s.DefaultListableBeanFactory     : Autowiring by type from bean name 'routerFunctionMapping' via factory method to bean named 'mvcConversionService'
2024-08-03T18:14:34.597+03:00 DEBUG 20646 --- [           main] o.s.b.f.s.DefaultListableBeanFactory     : Autowiring by type from bean name 'routerFunctionMapping' via factory method to bean named 'mvcResourceUrlProvider'
2024-08-03T18:14:34.598+03:00 DEBUG 20646 --- [           main] o.s.b.f.s.DefaultListableBeanFactory     : Creating shared instance of singleton bean 'messageConverters'
2024-08-03T18:14:34.598+03:00 DEBUG 20646 --- [           main] o.s.b.f.s.DefaultListableBeanFactory     : Creating shared instance of singleton bean 'org.springframework.boot.autoconfigure.http.HttpMessageConvertersAutoConfiguration'
2024-08-03T18:14:34.600+03:00 DEBUG 20646 --- [           main] o.s.b.f.s.DefaultListableBeanFactory     : Creating shared instance of singleton bean 'stringHttpMessageConverter'
2024-08-03T18:14:34.600+03:00 DEBUG 20646 --- [           main] o.s.b.f.s.DefaultListableBeanFactory     : Creating shared instance of singleton bean 'org.springframework.boot.autoconfigure.http.HttpMessageConvertersAutoConfiguration$StringHttpMessageConverterConfiguration'
2024-08-03T18:14:34.600+03:00 DEBUG 20646 --- [           main] o.s.b.f.s.DefaultListableBeanFactory     : Autowiring by type from bean name 'stringHttpMessageConverter' via factory method to bean named 'environment'
2024-08-03T18:14:34.601+03:00 DEBUG 20646 --- [           main] o.s.b.f.s.DefaultListableBeanFactory     : Creating shared instance of singleton bean 'mappingJackson2HttpMessageConverter'
2024-08-03T18:14:34.601+03:00 DEBUG 20646 --- [           main] o.s.b.f.s.DefaultListableBeanFactory     : Creating shared instance of singleton bean 'org.springframework.boot.autoconfigure.http.JacksonHttpMessageConvertersConfiguration$MappingJackson2HttpMessageConverterConfiguration'
2024-08-03T18:14:34.602+03:00 DEBUG 20646 --- [           main] o.s.b.f.s.DefaultListableBeanFactory     : Autowiring by type from bean name 'mappingJackson2HttpMessageConverter' via factory method to bean named 'jacksonObjectMapper'
2024-08-03T18:14:34.614+03:00 DEBUG 20646 --- [           main] o.s.b.f.s.DefaultListableBeanFactory     : Creating shared instance of singleton bean 'resourceHandlerMapping'
2024-08-03T18:14:34.615+03:00 DEBUG 20646 --- [           main] o.s.b.f.s.DefaultListableBeanFactory     : Autowiring by type from bean name 'resourceHandlerMapping' via factory method to bean named 'mvcContentNegotiationManager'
2024-08-03T18:14:34.615+03:00 DEBUG 20646 --- [           main] o.s.b.f.s.DefaultListableBeanFactory     : Autowiring by type from bean name 'resourceHandlerMapping' via factory method to bean named 'mvcConversionService'
2024-08-03T18:14:34.615+03:00 DEBUG 20646 --- [           main] o.s.b.f.s.DefaultListableBeanFactory     : Autowiring by type from bean name 'resourceHandlerMapping' via factory method to bean named 'mvcResourceUrlProvider'
2024-08-03T18:14:34.618+03:00 DEBUG 20646 --- [           main] o.s.w.s.handler.SimpleUrlHandlerMapping  : Patterns [/webjars/**, /**] in 'resourceHandlerMapping'
2024-08-03T18:14:34.619+03:00 DEBUG 20646 --- [           main] o.s.b.f.s.DefaultListableBeanFactory     : Creating shared instance of singleton bean 'defaultServletHandlerMapping'
2024-08-03T18:14:34.622+03:00 DEBUG 20646 --- [           main] o.s.b.f.s.DefaultListableBeanFactory     : Creating shared instance of singleton bean 'filterChain'
2024-08-03T18:14:34.622+03:00 DEBUG 20646 --- [           main] o.s.b.f.s.DefaultListableBeanFactory     : Autowiring by type from bean name 'filterChain' via factory method to bean named 'org.springframework.security.config.annotation.web.configuration.HttpSecurityConfiguration.httpSecurity'
2024-08-03T18:14:34.639+03:00  INFO 20646 --- [           main] o.s.s.w.a.c.ChannelProcessingFilter      : Validated configuration attributes
2024-08-03T18:14:34.641+03:00 DEBUG 20646 --- [           main] o.s.s.web.DefaultSecurityFilterChain     : Will secure any request with filters: DisableEncodeUrlFilter, ChannelProcessingFilter, WebAsyncManagerIntegrationFilter, SecurityContextHolderFilter, HeaderWriterFilter, CorsFilter, LogoutFilter, JwtRequestFilter, UsernamePasswordAuthenticationFilter, RequestCacheAwareFilter, SecurityContextHolderAwareRequestFilter, AnonymousAuthenticationFilter, SessionManagementFilter, ExceptionTranslationFilter, AuthorizationFilter
2024-08-03T18:14:34.642+03:00 DEBUG 20646 --- [           main] o.s.b.f.s.DefaultListableBeanFactory     : Creating shared instance of singleton bean 'delegatingApplicationListener'
2024-08-03T18:14:34.642+03:00 DEBUG 20646 --- [           main] o.s.b.f.s.DefaultListableBeanFactory     : Creating shared instance of singleton bean 'springSecurityFilterChain'
2024-08-03T18:14:34.647+03:00 DEBUG 20646 --- [           main] o.s.b.f.s.DefaultListableBeanFactory     : Creating shared instance of singleton bean 'webSecurityExpressionHandler'
2024-08-03T18:14:34.647+03:00 DEBUG 20646 --- [           main] o.s.b.f.s.DefaultListableBeanFactory     : Creating shared instance of singleton bean 'privilegeEvaluator'
2024-08-03T18:14:34.647+03:00 DEBUG 20646 --- [           main] o.s.b.f.s.DefaultListableBeanFactory     : Creating shared instance of singleton bean 'requestDataValueProcessor'
2024-08-03T18:14:34.647+03:00 DEBUG 20646 --- [           main] o.s.b.f.s.DefaultListableBeanFactory     : Creating shared instance of singleton bean 'initializeFirebase'
2024-08-03T18:14:34.691+03:00 DEBUG 20646 --- [           main] o.s.b.f.s.DefaultListableBeanFactory     : Creating shared instance of singleton bean 'webSocketMessageBrokerStats'
[...]

   ReactorAutoConfiguration:
      Did not match:
         - @ConditionalOnClass did not find required class 'reactor.core.publisher.Hooks' (OnClassCondition)

   RedisAutoConfiguration:
      Did not match:
         - @ConditionalOnClass did not find required class 'org.springframework.data.redis.core.RedisOperations' (OnClassCondition)

   RedisCacheConfiguration:
      Did not match:
         - @ConditionalOnClass did not find required class 'org.springframework.data.redis.connection.RedisConnectionFactory' (OnClassCondition)

   RedisReactiveAutoConfiguration:
      Did not match:
         - @ConditionalOnClass did not find required class 'reactor.core.publisher.Flux' (OnClassCondition)

   RedisRepositoriesAutoConfiguration:
      Did not match:
         - @ConditionalOnClass did not find required class 'org.springframework.data.redis.repository.configuration.EnableRedisRepositories' (OnClassCondition)

   RepositoryRestMvcAutoConfiguration:
      Did not match:
         - @ConditionalOnClass did not find required class 'org.springframework.data.rest.webmvc.config.RepositoryRestMvcConfiguration' (OnClassCondition)

   Saml2RelyingPartyAutoConfiguration:
      Did not match:
         - @ConditionalOnClass did not find required class 'org.springframework.security.saml2.provider.service.registration.RelyingPartyRegistrationRepository' (OnClassCondition)

   SecurityDataConfiguration:
      Did not match:
         - @ConditionalOnClass did not find required class 'org.springframework.security.data.repository.query.SecurityEvaluationContextExtension' (OnClassCondition)

   SendGridAutoConfiguration:
      Did not match:
         - @ConditionalOnClass did not find required class 'com.sendgrid.SendGrid' (OnClassCondition)

   ServletWebServerFactoryAutoConfiguration.ForwardedHeaderFilterConfiguration:
      Did not match:
         - @ConditionalOnProperty (server.forward-headers-strategy=framework) did not find property 'server.forward-headers-strategy' (OnPropertyCondition)

   ServletWebServerFactoryConfiguration.EmbeddedJetty:
      Did not match:
         - @ConditionalOnClass did not find required classes 'org.eclipse.jetty.server.Server', 'org.eclipse.jetty.util.Loader', 'org.eclipse.jetty.ee10.webapp.WebAppContext' (OnClassCondition)

   ServletWebServerFactoryConfiguration.EmbeddedUndertow:
      Did not match:
         - @ConditionalOnClass did not find required classes 'io.undertow.Undertow', 'org.xnio.SslClientAuthMode' (OnClassCondition)

   SessionAutoConfiguration:
      Did not match:
         - @ConditionalOnClass did not find required class 'org.springframework.session.Session' (OnClassCondition)

   SpringApplicationAdminJmxAutoConfiguration:
      Did not match:
         - @ConditionalOnProperty (spring.application.admin.enabled=true) did not find property 'enabled' (OnPropertyCondition)

   SpringBootWebSecurityConfiguration.SecurityFilterChainConfiguration:
      Did not match:
         - AllNestedConditions 1 matched 1 did not; NestedCondition on DefaultWebSecurityCondition.Beans @ConditionalOnMissingBean (types: org.springframework.security.web.SecurityFilterChain; SearchStrategy: all) found beans of type 'org.springframework.security.web.SecurityFilterChain' filterChain; NestedCondition on DefaultWebSecurityCondition.Classes @ConditionalOnClass found required classes 'org.springframework.security.web.SecurityFilterChain', 'org.springframework.security.config.annotation.web.builders.HttpSecurity' (DefaultWebSecurityCondition)

   SpringBootWebSecurityConfiguration.WebSecurityEnablerConfiguration:
      Did not match:
         - @ConditionalOnMissingBean (names: springSecurityFilterChain; SearchStrategy: all) found beans named springSecurityFilterChain (OnBeanCondition)
      Matched:
         - @ConditionalOnClass found required class 'org.springframework.security.config.annotation.web.configuration.EnableWebSecurity' (OnClassCondition)

   TaskExecutorConfigurations.SimpleAsyncTaskExecutorBuilderConfiguration#simpleAsyncTaskExecutorBuilderVirtualThreads:
      Did not match:
         - @ConditionalOnMissingBean (types: org.springframework.boot.task.SimpleAsyncTaskExecutorBuilder; SearchStrategy: all) found beans of type 'org.springframework.boot.task.SimpleAsyncTaskExecutorBuilder' simpleAsyncTaskExecutorBuilder (OnBeanCondition)

   TaskExecutorConfigurations.TaskExecutorConfiguration:
      Did not match:
         - @ConditionalOnMissingBean (types: java.util.concurrent.Executor; SearchStrategy: all) found beans of type 'java.util.concurrent.Executor' clientInboundChannelExecutor, clientOutboundChannelExecutor, brokerChannelExecutor (OnBeanCondition)

   TaskSchedulingAutoConfiguration#scheduledBeanLazyInitializationExcludeFilter:
      Did not match:
         - @ConditionalOnBean (names: org.springframework.context.annotation.internalScheduledAnnotationProcessor; SearchStrategy: all) did not find any beans named org.springframework.context.annotation.internalScheduledAnnotationProcessor (OnBeanCondition)

   TaskSchedulingConfigurations.SimpleAsyncTaskSchedulerBuilderConfiguration#simpleAsyncTaskSchedulerBuilderVirtualThreads:
      Did not match:
         - @ConditionalOnMissingBean (types: org.springframework.boot.task.SimpleAsyncTaskSchedulerBuilder; SearchStrategy: all) found beans of type 'org.springframework.boot.task.SimpleAsyncTaskSchedulerBuilder' simpleAsyncTaskSchedulerBuilder (OnBeanCondition)

   TaskSchedulingConfigurations.TaskSchedulerConfiguration:
      Did not match:
         - @ConditionalOnBean (names: org.springframework.context.annotation.internalScheduledAnnotationProcessor; SearchStrategy: all) did not find any beans named org.springframework.context.annotation.internalScheduledAnnotationProcessor (OnBeanCondition)

   ThymeleafAutoConfiguration:
      Did not match:
         - @ConditionalOnClass did not find required class 'org.thymeleaf.spring6.SpringTemplateEngine' (OnClassCondition)

   TransactionAutoConfiguration#transactionalOperator:
      Did not match:
         - @ConditionalOnSingleCandidate (types: org.springframework.transaction.ReactiveTransactionManager; SearchStrategy: all) did not find any beans (OnBeanCondition)

   TransactionAutoConfiguration.AspectJTransactionManagementConfiguration:
      Did not match:
         - @ConditionalOnBean (types: org.springframework.transaction.aspectj.AbstractTransactionAspect; SearchStrategy: all) did not find any beans of type org.springframework.transaction.aspectj.AbstractTransactionAspect (OnBeanCondition)

   TransactionAutoConfiguration.EnableTransactionManagementConfiguration:
      Did not match:
         - @ConditionalOnMissingBean (types: org.springframework.transaction.annotation.AbstractTransactionManagementConfiguration; SearchStrategy: all) found beans of type 'org.springframework.transaction.annotation.AbstractTransactionManagementConfiguration' org.springframework.transaction.annotation.ProxyTransactionManagementConfiguration (OnBeanCondition)

   TransactionAutoConfiguration.EnableTransactionManagementConfiguration.CglibAutoProxyConfiguration:
      Did not match:
         - Ancestor org.springframework.boot.autoconfigure.transaction.TransactionAutoConfiguration$EnableTransactionManagementConfiguration did not match (ConditionEvaluationReport.AncestorsMatchedCondition)
      Matched:
         - @ConditionalOnProperty (spring.aop.proxy-target-class=true) matched (OnPropertyCondition)

   TransactionAutoConfiguration.EnableTransactionManagementConfiguration.JdkDynamicAutoProxyConfiguration:
      Did not match:
         - @ConditionalOnProperty (spring.aop.proxy-target-class=false) did not find property 'proxy-target-class' (OnPropertyCondition)
         - Ancestor org.springframework.boot.autoconfigure.transaction.TransactionAutoConfiguration$EnableTransactionManagementConfiguration did not match (ConditionEvaluationReport.AncestorsMatchedCondition)

   UserDetailsServiceAutoConfiguration:
      Did not match:
         - @ConditionalOnMissingBean (types: org.springframework.security.authentication.AuthenticationManager,org.springframework.security.authentication.AuthenticationProvider,org.springframework.security.core.userdetails.UserDetailsService,org.springframework.security.authentication.AuthenticationManagerResolver,org.springframework.security.oauth2.jwt.JwtDecoder; SearchStrategy: all) found beans of type 'org.springframework.security.authentication.AuthenticationManager' authenticationManager and found beans of type 'org.springframework.security.core.userdetails.UserDetailsService' userService (OnBeanCondition)
      Matched:
         - @ConditionalOnClass found required class 'org.springframework.security.authentication.AuthenticationManager' (OnClassCondition)
         - AnyNestedCondition 1 matched 2 did not; NestedCondition on UserDetailsServiceAutoConfiguration.MissingAlternativeOrUserPropertiesConfigured.PasswordConfigured @ConditionalOnProperty (spring.security.user.password) did not find property 'password'; NestedCondition on UserDetailsServiceAutoConfiguration.MissingAlternativeOrUserPropertiesConfigured.NameConfigured @ConditionalOnProperty (spring.security.user.name) did not find property 'name'; NestedCondition on UserDetailsServiceAutoConfiguration.MissingAlternativeOrUserPropertiesConfigured.MissingAlternative @ConditionalOnMissingClass did not find unwanted classes 'org.springframework.security.oauth2.client.registration.ClientRegistrationRepository', 'org.springframework.security.oauth2.server.resource.introspection.OpaqueTokenIntrospector', 'org.springframework.security.saml2.provider.service.registration.RelyingPartyRegistrationRepository' (UserDetailsServiceAutoConfiguration.MissingAlternativeOrUserPropertiesConfigured)

   ValidationAutoConfiguration:
      Did not match:
         - @ConditionalOnClass did not find required class 'jakarta.validation.executable.ExecutableValidator' (OnClassCondition)

   WebClientAutoConfiguration:
      Did not match:
         - @ConditionalOnClass did not find required class 'org.springframework.web.reactive.function.client.WebClient' (OnClassCondition)

   WebFluxAutoConfiguration:
      Did not match:
         - @ConditionalOnClass did not find required class 'org.springframework.web.reactive.config.WebFluxConfigurer' (OnClassCondition)

   WebMvcAutoConfiguration#hiddenHttpMethodFilter:
      Did not match:
         - @ConditionalOnProperty (spring.mvc.hiddenmethod.filter.enabled) did not find property 'enabled' (OnPropertyCondition)

   WebMvcAutoConfiguration.ProblemDetailsErrorHandlingConfiguration:
      Did not match:
         - @ConditionalOnProperty (spring.mvc.problemdetails.enabled=true) did not find property 'enabled' (OnPropertyCondition)

   WebMvcAutoConfiguration.ResourceChainCustomizerConfiguration:
      Did not match:
         - @ConditionalOnEnabledResourceChain did not find class org.webjars.WebJarAssetLocator (OnEnabledResourceChainCondition)

   WebMvcAutoConfiguration.WebMvcAutoConfigurationAdapter#beanNameViewResolver:
      Did not match:
         - @ConditionalOnMissingBean (types: org.springframework.web.servlet.view.BeanNameViewResolver; SearchStrategy: all) found beans of type 'org.springframework.web.servlet.view.BeanNameViewResolver' beanNameViewResolver (OnBeanCondition)

   WebServiceTemplateAutoConfiguration:
      Did not match:
         - @ConditionalOnClass did not find required class 'org.springframework.oxm.Marshaller' (OnClassCondition)

   WebServicesAutoConfiguration:
      Did not match:
         - @ConditionalOnClass did not find required class 'org.springframework.ws.transport.http.MessageDispatcherServlet' (OnClassCondition)

   WebSessionIdResolverAutoConfiguration:
      Did not match:
         - @ConditionalOnClass did not find required class 'reactor.core.publisher.Mono' (OnClassCondition)

   WebSocketReactiveAutoConfiguration:
      Did not match:
         - @ConditionalOnWebApplication did not find reactive web application classes (OnWebApplicationCondition)

   WebSocketServletAutoConfiguration.JettyWebSocketConfiguration:
      Did not match:
         - @ConditionalOnClass did not find required class 'org.eclipse.jetty.ee10.websocket.jakarta.server.config.JakartaWebSocketServletContainerInitializer' (OnClassCondition)

   WebSocketServletAutoConfiguration.UndertowWebSocketConfiguration:
      Did not match:
         - @ConditionalOnClass did not find required class 'io.undertow.websockets.jsr.Bootstrap' (OnClassCondition)

   XADataSourceAutoConfiguration:
      Did not match:
         - @ConditionalOnBean (types: org.springframework.boot.jdbc.XADataSourceWrapper; SearchStrategy: all) did not find any beans of type org.springframework.boot.jdbc.XADataSourceWrapper (OnBeanCondition)
      Matched:
         - @ConditionalOnClass found required classes 'javax.sql.DataSource', 'jakarta.transaction.TransactionManager', 'org.springframework.jdbc.datasource.embedded.EmbeddedDatabaseType' (OnClassCondition)


Exclusions:
-----------

    None


Unconditional classes:
----------------------

    org.springframework.boot.autoconfigure.context.ConfigurationPropertiesAutoConfiguration

    org.springframework.boot.autoconfigure.ssl.SslAutoConfiguration

    org.springframework.boot.autoconfigure.context.LifecycleAutoConfiguration

    org.springframework.boot.autoconfigure.context.PropertyPlaceholderAutoConfiguration

    org.springframework.boot.autoconfigure.availability.ApplicationAvailabilityAutoConfiguration

    org.springframework.boot.autoconfigure.info.ProjectInfoAutoConfiguration



2024-08-03T18:14:34.897+03:00  INFO 20646 --- [           main] u.com.chatter.demo.DemoApplicationTests  : Started DemoApplicationTests in 3.163 seconds (process running for 3.695)
2024-08-03T18:14:34.897+03:00 DEBUG 20646 --- [           main] o.s.b.a.ApplicationAvailabilityBean      : Application availability state LivenessState changed to CORRECT
2024-08-03T18:14:34.899+03:00 DEBUG 20646 --- [           main] o.s.b.a.ApplicationAvailabilityBean      : Application availability state ReadinessState changed to ACCEPTING_TRAFFIC
2024-08-03T18:14:34.901+03:00 DEBUG 20646 --- [           main] org.springframework.test.context.cache   : Spring test ApplicationContext cache statistics: [DefaultContextCache@4288d7b6 size = 1, maxSize = 32, parentContextCount = 0, hitCount = 0, missCount = 1, failureCount = 0]
2024-08-03T18:14:34.901+03:00 DEBUG 20646 --- [           main] o.s.t.c.w.ServletTestExecutionListener   : Setting up MockHttpServletRequest, MockHttpServletResponse, ServletWebRequest, and RequestContextHolder for test class ua.com.chatter.demo.DemoApplicationTests
2024-08-03T18:14:34.909+03:00 DEBUG 20646 --- [           main] DependencyInjectionTestExecutionListener : Performing dependency injection for test class ua.com.chatter.demo.DemoApplicationTests
2024-08-03T18:14:34.909+03:00 DEBUG 20646 --- [           main] org.springframework.test.context.cache   : Spring test ApplicationContext cache statistics: [DefaultContextCache@4288d7b6 size = 1, maxSize = 32, parentContextCount = 0, hitCount = 1, missCount = 1, failureCount = 0]
2024-08-03T18:14:34.910+03:00 DEBUG 20646 --- [           main] org.springframework.test.context.cache   : Spring test ApplicationContext cache statistics: [DefaultContextCache@4288d7b6 size = 1, maxSize = 32, parentContextCount = 0, hitCount = 2, missCount = 1, failureCount = 0]
2024-08-03T18:14:34.912+03:00 DEBUG 20646 --- [           main] sContextBeforeModesTestExecutionListener : Before test method: class [DemoApplicationTests], method [contextLoads], class annotated with @DirtiesContext [false] with mode [null], method annotated with @DirtiesContext [false] with mode [null]
2024-08-03T18:14:34.913+03:00 DEBUG 20646 --- [           main] org.springframework.test.context.cache   : Spring test ApplicationContext cache statistics: [DefaultContextCache@4288d7b6 size = 1, maxSize = 32, parentContextCount = 0, hitCount = 3, missCount = 1, failureCount = 0]
2024-08-03T18:14:34.914+03:00 DEBUG 20646 --- [           main] org.springframework.test.context.cache   : Spring test ApplicationContext cache statistics: [DefaultContextCache@4288d7b6 size = 1, maxSize = 32, parentContextCount = 0, hitCount = 4, missCount = 1, failureCount = 0]
2024-08-03T18:14:35.292+03:00 DEBUG 20646 --- [           main] org.springframework.test.context.cache   : Spring test ApplicationContext cache statistics: [DefaultContextCache@4288d7b6 size = 1, maxSize = 32, parentContextCount = 0, hitCount = 5, missCount = 1, failureCount = 0]
2024-08-03T18:14:35.294+03:00 DEBUG 20646 --- [           main] org.springframework.test.context.cache   : Spring test ApplicationContext cache statistics: [DefaultContextCache@4288d7b6 size = 1, maxSize = 32, parentContextCount = 0, hitCount = 6, missCount = 1, failureCount = 0]
2024-08-03T18:14:35.294+03:00 DEBUG 20646 --- [           main] org.springframework.test.context.cache   : Spring test ApplicationContext cache statistics: [DefaultContextCache@4288d7b6 size = 1, maxSize = 32, parentContextCount = 0, hitCount = 7, missCount = 1, failureCount = 0]
2024-08-03T18:14:35.294+03:00 DEBUG 20646 --- [           main] org.springframework.test.context.cache   : Spring test ApplicationContext cache statistics: [DefaultContextCache@4288d7b6 size = 1, maxSize = 32, parentContextCount = 0, hitCount = 8, missCount = 1, failureCount = 0]
2024-08-03T18:14:35.295+03:00 DEBUG 20646 --- [           main] org.springframework.test.context.cache   : Spring test ApplicationContext cache statistics: [DefaultContextCache@4288d7b6 size = 1, maxSize = 32, parentContextCount = 0, hitCount = 9, missCount = 1, failureCount = 0]
2024-08-03T18:14:35.295+03:00 DEBUG 20646 --- [           main] org.springframework.test.context.cache   : Spring test ApplicationContext cache statistics: [DefaultContextCache@4288d7b6 size = 1, maxSize = 32, parentContextCount = 0, hitCount = 10, missCount = 1, failureCount = 0]
2024-08-03T18:14:35.296+03:00 DEBUG 20646 --- [           main] org.springframework.test.context.cache   : Spring test ApplicationContext cache statistics: [DefaultContextCache@4288d7b6 size = 1, maxSize = 32, parentContextCount = 0, hitCount = 11, missCount = 1, failureCount = 0]
2024-08-03T18:14:35.297+03:00 DEBUG 20646 --- [           main] org.springframework.test.context.cache   : Spring test ApplicationContext cache statistics: [DefaultContextCache@4288d7b6 size = 1, maxSize = 32, parentContextCount = 0, hitCount = 12, missCount = 1, failureCount = 0]
2024-08-03T18:14:35.297+03:00 DEBUG 20646 --- [           main] .c.s.DirtiesContextTestExecutionListener : After test method: class [DemoApplicationTests], method [contextLoads], class annotated with @DirtiesContext [false] with mode [null], method annotated with @DirtiesContext [false] with mode [null]
2024-08-03T18:14:35.297+03:00 DEBUG 20646 --- [           main] o.s.t.c.w.ServletTestExecutionListener   : Resetting RequestContextHolder for test class ua.com.chatter.demo.DemoApplicationTests
]]></system-out>
    <system-err><![CDATA[SLF4J(W): Class path contains multiple SLF4J providers.
SLF4J(W): Found provider [ch.qos.logback.classic.spi.LogbackServiceProvider@65d09a04]
SLF4J(W): Found provider [org.slf4j.simple.SimpleServiceProvider@33c911a1]
SLF4J(W): See https://www.slf4j.org/codes.html#multiple_bindings for an explanation.
SLF4J(I): Actual provider is of type [ch.qos.logback.classic.spi.LogbackServiceProvider@65d09a04]
WARNING: A Java agent has been loaded dynamically (/Users/ml/.m2/repository/net/bytebuddy/byte-buddy-agent/1.14.18/byte-buddy-agent-1.14.18.jar)
WARNING: If a serviceability tool is in use, please run with -XX:+EnableDynamicAgentLoading to hide this warning
WARNING: If a serviceability tool is not in use, please run with -Djdk.instrument.traceUsage for more information
WARNING: Dynamic loading of agents will be disallowed by default in a future release
]]></system-err>
  </testcase>
</testsuite>